#
# A fatal error has been detected by the Java Runtime Environment:
#
#  SIGILL (0x4) at pc=0x00007fff85a292ea, pid=20718, tid=59139
#
# JRE version: Java(TM) SE Runtime Environment (8.0_91-b14) (build 1.8.0_91-b14)
# Java VM: Java HotSpot(TM) 64-Bit Server VM (25.91-b14 mixed mode bsd-amd64 compressed oops)
# Problematic frame:
# C  [libobjc.A.dylib+0x122ea]  _ZL10_objc_trapv+0x0
#
# Failed to write core dump. Core dumps have been disabled. To enable core dumping, try "ulimit -c unlimited" before starting Java again
#
# If you would like to submit a bug report, please visit:
#   http://bugreport.java.com/bugreport/crash.jsp
# The crash happened outside the Java Virtual Machine in native code.
# See problematic frame for where to report the bug.
#

---------------  T H R E A D  ---------------

Current thread (0x00007fe6e2d00000):  JavaThread "AWT-EventQueue-0" [_thread_in_native, id=59139, stack(0x00000001820da000,0x00000001821da000)]

siginfo: si_signo: 4 (SIGILL), si_code: 1 (ILL_ILLOPC), si_addr: 0x00007fff85a292ea

Registers:
RAX=0x0000000000000000, RBX=0x00007fe6e8fc20e0, RCX=0x0000000000000000, RDX=0x00007fff70ba21e0
RSP=0x00000001821d2e98, RBP=0x00000001821d2f80, RSI=0x0000010000000100, RDI=0x0000000000000103
R8 =0x00000001821d2e40, R9 =0x00000000c0000000, R10=0x0000000000000000, R11=0xffffffffffff65f0
R12=0x00007fff72659070, R13=0x00007fff70babe80, R14=0x00007fff70bacda8, R15=0x00007fe6e94692d8
RIP=0x00007fff85a292ea, EFLAGS=0x0000000000010202, ERR=0x0000000000000000
  TRAPNO=0x0000000000000006

Top of Stack: (sp=0x00000001821d2e98)
0x00000001821d2e98:   00007fff85a2942a 00007fff701bd7e8
0x00000001821d2ea8:   00007fe6e8fc20e0 00007fff81a9836f
0x00000001821d2eb8:   00007fff81a9836f 0000000000000054
0x00000001821d2ec8:   00007fe6e8fc20e0 0000000000001510
0x00000001821d2ed8:   0000000000000000 00000001821d2f40
0x00000001821d2ee8:   00007fff85a2cda1 00007fff70bacd90
0x00000001821d2ef8:   00007fff72659070 00000001821d2f60
0x00000001821d2f08:   00007fe6e94692d8 00000001821d2f40
0x00000001821d2f18:   00007fff81a9836f 00007fff81a9836f
0x00000001821d2f28:   0000000000000000 00007fff703892c8
0x00000001821d2f38:   00007fe6e94692d8 00000001821d2f80
0x00000001821d2f48:   00007fff85a2e5ad 00007fe6e928ad30
0x00000001821d2f58:   00007fe6e928ed30 0000003000000018
0x00000001821d2f68:   00000001821d2f90 00000001821d2ea0
0x00000001821d2f78:   00007fe6e94692d8 00000001821d2ff0
0x00000001821d2f88:   00007fff85a20c87 4018000000000000
0x00000001821d2f98:   4008000000000000 0000000000000000
0x00000001821d2fa8:   4018000000000000 4008000000000000
0x00000001821d2fb8:   0000000000000000 bf0000e464d0b173
0x00000001821d2fc8:   00007fff70babe80 0000000000000000
0x00000001821d2fd8:   00007fff70babe80 00007fe6e94692d8
0x00000001821d2fe8:   00007fff70bacd80 00000001821d3050
0x00000001821d2ff8:   00007fff85a20ac7 0000000000000f10
0x00000001821d3008:   00007fe6e8fc20e0 0000000000000f00
0x00000001821d3018:   00007fe6e94692d8 0000000000000000
0x00000001821d3028:   0000000000000000 0000000000000000
0x00000001821d3038:   0000000f0000000f 00007fe6e8fc20e0
0x00000001821d3048:   00007fe6e94692a0 00000001821d3130
0x00000001821d3058:   00007fff81a2f83a 0000000000001006
0x00000001821d3068:   00000001021dd600 4018000000000000
0x00000001821d3078:   0000000000000080 00000000000000ff
0x00000001821d3088:   00000001021d6000 0000000000000001 

Instructions: (pc=0x00007fff85a292ea)
0x00007fff85a292ca:   c0 44 89 f2 e8 1f 08 01 00 48 8b 7d e0 e8 30 cc
0x00007fff85a292da:   ff ff 48 8b 7d e0 e8 d3 15 ff ff e8 00 00 00 00
0x00007fff85a292ea:   0f 0b 55 48 89 e5 48 81 ec d0 00 00 00 84 c0 74
0x00007fff85a292fa:   26 0f 29 85 60 ff ff ff 0f 29 8d 70 ff ff ff 0f 

Register to memory mapping:

RAX=0x0000000000000000 is an unknown value
RBX=0x00007fe6e8fc20e0 is an unknown value
RCX=0x0000000000000000 is an unknown value
RDX=0x00007fff70ba21e0: _ZZL14_objc_crashlogPKcE13crashlog_lock+0x20 in /usr/lib/libobjc.A.dylib at 0x00007fff85a17000
RSP=0x00000001821d2e98 is pointing into the stack for thread: 0x00007fe6e2d00000
RBP=0x00000001821d2f80 is pointing into the stack for thread: 0x00007fe6e2d00000
RSI=0x0000010000000100 is an unknown value
RDI=0x0000000000000103 is an unknown value
R8 =0x00000001821d2e40 is pointing into the stack for thread: 0x00007fe6e2d00000
R9 =0x00000000c0000000 is an unknown value
R10=0x0000000000000000 is an unknown value
R11=0xffffffffffff65f0 is an unknown value
R12=0x00007fff72659070: __stack_chk_guard+0 in /usr/lib/system/libsystem_c.dylib at 0x00007fff8fa5e000
R13=0x00007fff70babe80: _ZN12_GLOBAL__N_19SideTable9table_bufE+0 in /usr/lib/libobjc.A.dylib at 0x00007fff85a17000
R14=0x00007fff70bacda8: _ZN12_GLOBAL__N_19SideTable9table_bufE+0xf28 in /usr/lib/libobjc.A.dylib at 0x00007fff85a17000
R15=0x00007fe6e94692d8 is an unknown value


Stack: [0x00000001820da000,0x00000001821da000],  sp=0x00000001821d2e98,  free space=995k
Native frames: (J=compiled Java code, j=interpreted, Vv=VM code, C=native code)
C  [libobjc.A.dylib+0x122ea]  _ZL10_objc_trapv+0x0
C  [libobjc.A.dylib+0x9c87]  class_getMethodImplementation+0x0
C  [libobjc.A.dylib+0x9ac7]  objc_storeWeak+0xe9
C  [CoreUI+0xb683a]  csiCompressImageProviderCopyImageBlockSetWithOptions+0x3f0
C  [CoreGraphics+0x3518e]  img_blocks_create+0x1c0
C  [CoreGraphics+0x240f5]  img_data_lock+0x750
C  [CoreGraphics+0x22a1e]  CGSImageDataLock+0x97
C  [libRIP.A.dylib+0xda52]  ripc_AcquireImage+0x38a
C  [libRIP.A.dylib+0x16eb7]  ripc_DrawImages+0x1be5
C  [CoreGraphics+0x6afdb]  CGContextDrawImages+0xc0
C  [CoreUI+0x9b345]  DrawNinePartImageWithOperation+0x153d
C  [CoreUI+0x99de8]  DrawNinePartElementFromRenditionWithOperation+0x1d7
C  [CoreUI+0xa0c67]  -[CUIThemeFacet _drawSpecificRenditionKey:rendition:inFrame:context:alpha:operation:isFocused:isFlipped:]+0x2be
C  [CoreUI+0xa08bb]  -[CUIThemeFacet _drawSpecificRenditionKey:inFrame:context:isFocused:isFlipped:]+0xa3
C  [CoreUI+0x9ec98]  -[CUIThemeFacet drawInFrame:isFocused:context:]+0x89
C  [CoreUI+0x44312]  _ZN20CUICoreThemeRenderer26DrawWindowFrameStandardNewEPK13CUIDescriptor+0x384
C  [CoreUI+0x36167]  _ZN20CUICoreThemeRenderer4DrawEPK13CUIDescriptor17CGAffineTransformR13CUIReturnInfo+0x453
C  [CoreUI+0x9391]  _ZN11CUIRenderer4DrawE6CGRectP9CGContextPK14__CFDictionaryPS5_+0x8e3
C  [CoreUI+0x45d6e]  CUIDraw+0xd9
C  [JavaRuntimeSupport+0x3cec]  -[_JRSYosemiteAndLaterRenderer draw:inContext:withBounds:]+0x144
C  [JavaRuntimeSupport+0x3866]  JRSUIControlDraw+0x3d
C  [libosxui.dylib+0x2628]  doPaintImage+0x15e
C  [libosxui.dylib+0x279c]  Java_apple_laf_JRSUIControl_paintImage+0x27
J 2456  apple.laf.JRSUIControl.paintImage([IIIJJJDDDD)I (0 bytes) @ 0x0000000104bd88a6 [0x0000000104bd8780+0x126]
J 4179 C2 sun.java2d.SunGraphics2D.drawImage(Ljava/awt/Image;IIIILjava/awt/image/ImageObserver;)Z (15 bytes) @ 0x000000010504ea18 [0x000000010504caa0+0x1f78]
J 4335 C2 com.apple.laf.AquaPainter.paint(Ljava/awt/Graphics;Ljava/awt/Component;IIII)V (50 bytes) @ 0x00000001046713fc [0x0000000104670c80+0x77c]
j  com.apple.laf.AquaInternalFrameBorder.drawWindowTitle(Ljava/awt/Graphics;Ljavax/swing/JInternalFrame;IIII)V+70
j  com.apple.laf.AquaInternalFrameBorder.paintBorder(Ljavax/swing/JInternalFrame;Ljava/awt/Component;Ljava/awt/Graphics;IIII)V+90
j  com.apple.laf.AquaInternalFrameBorder.paintBorder(Ljava/awt/Component;Ljava/awt/Graphics;IIII)V+14
j  javax.swing.border.CompoundBorder.paintBorder(Ljava/awt/Component;Ljava/awt/Graphics;IIII)V+126
J 3425 C2 javax.swing.JComponent.paintBorder(Ljava/awt/Graphics;)V (28 bytes) @ 0x0000000104c55a40 [0x0000000104c559e0+0x60]
J 3406 C2 javax.swing.JComponent.paint(Ljava/awt/Graphics;)V (409 bytes) @ 0x0000000104ec8304 [0x0000000104ec7820+0xae4]
J 3395 C2 javax.swing.JComponent.paintChildren(Ljava/awt/Graphics;)V (669 bytes) @ 0x0000000104ebd074 [0x0000000104ebc8e0+0x794]
J 3406 C2 javax.swing.JComponent.paint(Ljava/awt/Graphics;)V (409 bytes) @ 0x0000000104ec8320 [0x0000000104ec7820+0xb00]
J 4364 C1 javax.swing.JLayeredPane.paint(Ljava/awt/Graphics;)V (77 bytes) @ 0x0000000104b5c854 [0x0000000104b5bee0+0x974]
J 3395 C2 javax.swing.JComponent.paintChildren(Ljava/awt/Graphics;)V (669 bytes) @ 0x0000000104ebd074 [0x0000000104ebc8e0+0x794]
J 3406 C2 javax.swing.JComponent.paint(Ljava/awt/Graphics;)V (409 bytes) @ 0x0000000104ec8320 [0x0000000104ec7820+0xb00]
J 3395 C2 javax.swing.JComponent.paintChildren(Ljava/awt/Graphics;)V (669 bytes) @ 0x0000000104ebd074 [0x0000000104ebc8e0+0x794]
j  javax.swing.JSplitPane.paintChildren(Ljava/awt/Graphics;)V+2
J 3406 C2 javax.swing.JComponent.paint(Ljava/awt/Graphics;)V (409 bytes) @ 0x0000000104ec8320 [0x0000000104ec7820+0xb00]
J 4369 C2 javax.swing.JComponent._paintImmediately(IIII)V (891 bytes) @ 0x00000001050efe90 [0x00000001050ea5e0+0x58b0]
J 4384 C2 javax.swing.JComponent.paintImmediately(IIII)V (155 bytes) @ 0x0000000104b41b20 [0x0000000104b41900+0x220]
J 4380 C2 javax.swing.RepaintManager$4.run()Ljava/lang/Void; (278 bytes) @ 0x00000001050c8f68 [0x00000001050c8d60+0x208]
J 4558 C2 javax.swing.RepaintManager$4.run()Ljava/lang/Object; (5 bytes) @ 0x0000000104d8d0d4 [0x0000000104d8d0a0+0x34]
v  ~StubRoutines::call_stub
V  [libjvm.dylib+0x2ec1e6]
V  [libjvm.dylib+0x34c8e0]
J 1252  java.security.AccessController.doPrivileged(Ljava/security/PrivilegedAction;Ljava/security/AccessControlContext;)Ljava/lang/Object; (0 bytes) @ 0x0000000104610f15 [0x0000000104610e40+0xd5]
J 3677 C1 javax.swing.RepaintManager.paintDirtyRegions(Ljava/util/Map;)V (196 bytes) @ 0x0000000104acd424 [0x0000000104acbf40+0x14e4]
J 3904 C1 javax.swing.RepaintManager.paintDirtyRegions()V (50 bytes) @ 0x0000000104af1f1c [0x0000000104af1ca0+0x27c]
J 3869 C1 javax.swing.RepaintManager.prePaintDirtyRegions()V (91 bytes) @ 0x00000001046a48bc [0x00000001046a4280+0x63c]
J 3867 C1 javax.swing.RepaintManager$ProcessingRunnable.run()V (41 bytes) @ 0x000000010466ca5c [0x000000010466c800+0x25c]
J 4213 C2 java.awt.event.InvocationEvent.dispatch()V (69 bytes) @ 0x0000000104a0bc54 [0x0000000104a0bc00+0x54]
J 3687 C2 java.awt.EventQueue$3.run()Ljava/lang/Object; (5 bytes) @ 0x0000000104a1c464 [0x0000000104a1c180+0x2e4]
v  ~StubRoutines::call_stub
V  [libjvm.dylib+0x2ec1e6]
V  [libjvm.dylib+0x34c8e0]
J 1252  java.security.AccessController.doPrivileged(Ljava/security/PrivilegedAction;Ljava/security/AccessControlContext;)Ljava/lang/Object; (0 bytes) @ 0x0000000104610f15 [0x0000000104610e40+0xd5]
J 3690 C2 java.awt.EventDispatchThread.pumpOneEventForFilters(I)V (295 bytes) @ 0x0000000104f18c60 [0x0000000104f17a80+0x11e0]
j  java.awt.EventDispatchThread.pumpEventsForFilter(ILjava/awt/Conditional;Ljava/awt/EventFilter;)V+35
j  java.awt.EventDispatchThread.pumpEventsForHierarchy(ILjava/awt/Conditional;Ljava/awt/Component;)V+11
j  java.awt.EventDispatchThread.pumpEvents(ILjava/awt/Conditional;)V+4
j  java.awt.EventDispatchThread.pumpEvents(Ljava/awt/Conditional;)V+3
j  java.awt.EventDispatchThread.run()V+9
v  ~StubRoutines::call_stub
V  [libjvm.dylib+0x2ec1e6]
V  [libjvm.dylib+0x2ec974]
V  [libjvm.dylib+0x2ecb20]
V  [libjvm.dylib+0x34726d]
V  [libjvm.dylib+0x563d17]
V  [libjvm.dylib+0x565412]
V  [libjvm.dylib+0x484f82]
C  [libsystem_pthread.dylib+0x405a]  _pthread_body+0x83
C  [libsystem_pthread.dylib+0x3fd7]  _pthread_body+0x0
C  [libsystem_pthread.dylib+0x13ed]  thread_start+0xd
C  0x0000000000000000

Java frames: (J=compiled Java code, j=interpreted, Vv=VM code)
J 2456  apple.laf.JRSUIControl.paintImage([IIIJJJDDDD)I (0 bytes) @ 0x0000000104bd87e4 [0x0000000104bd8780+0x64]
J 4179 C2 sun.java2d.SunGraphics2D.drawImage(Ljava/awt/Image;IIIILjava/awt/image/ImageObserver;)Z (15 bytes) @ 0x000000010504ea18 [0x000000010504caa0+0x1f78]
J 4335 C2 com.apple.laf.AquaPainter.paint(Ljava/awt/Graphics;Ljava/awt/Component;IIII)V (50 bytes) @ 0x00000001046713fc [0x0000000104670c80+0x77c]
j  com.apple.laf.AquaInternalFrameBorder.drawWindowTitle(Ljava/awt/Graphics;Ljavax/swing/JInternalFrame;IIII)V+70
j  com.apple.laf.AquaInternalFrameBorder.paintBorder(Ljavax/swing/JInternalFrame;Ljava/awt/Component;Ljava/awt/Graphics;IIII)V+90
j  com.apple.laf.AquaInternalFrameBorder.paintBorder(Ljava/awt/Component;Ljava/awt/Graphics;IIII)V+14
j  javax.swing.border.CompoundBorder.paintBorder(Ljava/awt/Component;Ljava/awt/Graphics;IIII)V+126
J 3425 C2 javax.swing.JComponent.paintBorder(Ljava/awt/Graphics;)V (28 bytes) @ 0x0000000104c55a40 [0x0000000104c559e0+0x60]
J 3406 C2 javax.swing.JComponent.paint(Ljava/awt/Graphics;)V (409 bytes) @ 0x0000000104ec8304 [0x0000000104ec7820+0xae4]
J 3395 C2 javax.swing.JComponent.paintChildren(Ljava/awt/Graphics;)V (669 bytes) @ 0x0000000104ebd074 [0x0000000104ebc8e0+0x794]
J 3406 C2 javax.swing.JComponent.paint(Ljava/awt/Graphics;)V (409 bytes) @ 0x0000000104ec8320 [0x0000000104ec7820+0xb00]
J 4364 C1 javax.swing.JLayeredPane.paint(Ljava/awt/Graphics;)V (77 bytes) @ 0x0000000104b5c854 [0x0000000104b5bee0+0x974]
J 3395 C2 javax.swing.JComponent.paintChildren(Ljava/awt/Graphics;)V (669 bytes) @ 0x0000000104ebd074 [0x0000000104ebc8e0+0x794]
J 3406 C2 javax.swing.JComponent.paint(Ljava/awt/Graphics;)V (409 bytes) @ 0x0000000104ec8320 [0x0000000104ec7820+0xb00]
J 3395 C2 javax.swing.JComponent.paintChildren(Ljava/awt/Graphics;)V (669 bytes) @ 0x0000000104ebd074 [0x0000000104ebc8e0+0x794]
j  javax.swing.JSplitPane.paintChildren(Ljava/awt/Graphics;)V+2
J 3406 C2 javax.swing.JComponent.paint(Ljava/awt/Graphics;)V (409 bytes) @ 0x0000000104ec8320 [0x0000000104ec7820+0xb00]
J 4369 C2 javax.swing.JComponent._paintImmediately(IIII)V (891 bytes) @ 0x00000001050efe90 [0x00000001050ea5e0+0x58b0]
J 4384 C2 javax.swing.JComponent.paintImmediately(IIII)V (155 bytes) @ 0x0000000104b41b20 [0x0000000104b41900+0x220]
J 4380 C2 javax.swing.RepaintManager$4.run()Ljava/lang/Void; (278 bytes) @ 0x00000001050c8f68 [0x00000001050c8d60+0x208]
J 4558 C2 javax.swing.RepaintManager$4.run()Ljava/lang/Object; (5 bytes) @ 0x0000000104d8d0d4 [0x0000000104d8d0a0+0x34]
v  ~StubRoutines::call_stub
J 1252  java.security.AccessController.doPrivileged(Ljava/security/PrivilegedAction;Ljava/security/AccessControlContext;)Ljava/lang/Object; (0 bytes) @ 0x0000000104610ea3 [0x0000000104610e40+0x63]
J 3677 C1 javax.swing.RepaintManager.paintDirtyRegions(Ljava/util/Map;)V (196 bytes) @ 0x0000000104acd424 [0x0000000104acbf40+0x14e4]
J 3904 C1 javax.swing.RepaintManager.paintDirtyRegions()V (50 bytes) @ 0x0000000104af1f1c [0x0000000104af1ca0+0x27c]
J 3869 C1 javax.swing.RepaintManager.prePaintDirtyRegions()V (91 bytes) @ 0x00000001046a48bc [0x00000001046a4280+0x63c]
J 3867 C1 javax.swing.RepaintManager$ProcessingRunnable.run()V (41 bytes) @ 0x000000010466ca5c [0x000000010466c800+0x25c]
J 4213 C2 java.awt.event.InvocationEvent.dispatch()V (69 bytes) @ 0x0000000104a0bc54 [0x0000000104a0bc00+0x54]
J 3687 C2 java.awt.EventQueue$3.run()Ljava/lang/Object; (5 bytes) @ 0x0000000104a1c464 [0x0000000104a1c180+0x2e4]
v  ~StubRoutines::call_stub
J 1252  java.security.AccessController.doPrivileged(Ljava/security/PrivilegedAction;Ljava/security/AccessControlContext;)Ljava/lang/Object; (0 bytes) @ 0x0000000104610ea3 [0x0000000104610e40+0x63]
J 3690 C2 java.awt.EventDispatchThread.pumpOneEventForFilters(I)V (295 bytes) @ 0x0000000104f18c60 [0x0000000104f17a80+0x11e0]
j  java.awt.EventDispatchThread.pumpEventsForFilter(ILjava/awt/Conditional;Ljava/awt/EventFilter;)V+35
j  java.awt.EventDispatchThread.pumpEventsForHierarchy(ILjava/awt/Conditional;Ljava/awt/Component;)V+11
j  java.awt.EventDispatchThread.pumpEvents(ILjava/awt/Conditional;)V+4
j  java.awt.EventDispatchThread.pumpEvents(Ljava/awt/Conditional;)V+3
j  java.awt.EventDispatchThread.run()V+9
v  ~StubRoutines::call_stub

---------------  P R O C E S S  ---------------

Java Threads: ( => current thread )
  0x00007fe6ecf87000 JavaThread "MIPS" [_thread_in_Java, id=41035, stack(0x000000018c150000,0x000000018c250000)]
  0x00007fe6e2d3c800 JavaThread "TimerQueue" daemon [_thread_blocked, id=63239, stack(0x000000018347b000,0x000000018357b000)]
  0x00007fe6e24c8000 JavaThread "DestroyJavaVM" [_thread_blocked, id=4867, stack(0x0000000104395000,0x0000000104495000)]
=>0x00007fe6e2d00000 JavaThread "AWT-EventQueue-0" [_thread_in_native, id=59139, stack(0x00000001820da000,0x00000001821da000)]
  0x00007fe6e2cb6000 JavaThread "AWT-Shutdown" [_thread_blocked, id=31255, stack(0x0000000180f7e000,0x000000018107e000)]
  0x00007fe6e2a0b000 JavaThread "Java2D Disposer" daemon [_thread_blocked, id=55319, stack(0x0000000127f24000,0x0000000128024000)]
  0x00007fe6e2887800 JavaThread "Java2D Queue Flusher" daemon [_thread_blocked, id=53767, stack(0x0000000126eba000,0x0000000126fba000)]
  0x00007fe6e2900800 JavaThread "AppKit Thread" daemon [_thread_in_native, id=1299, stack(0x00007fff5d245000,0x00007fff5da45000)]
  0x00007fe6e3147800 JavaThread "Timer-0" daemon [_thread_blocked, id=21763, stack(0x00000001224bd000,0x00000001225bd000)]
  0x00007fe6e2007000 JavaThread "Service Thread" daemon [_thread_blocked, id=20739, stack(0x0000000121dd5000,0x0000000121ed5000)]
  0x00007fe6e2035000 JavaThread "C1 CompilerThread3" daemon [_thread_blocked, id=20227, stack(0x0000000121cd2000,0x0000000121dd2000)]
  0x00007fe6e2012000 JavaThread "C2 CompilerThread2" daemon [_thread_blocked, id=19715, stack(0x0000000121bcf000,0x0000000121ccf000)]
  0x00007fe6e2820800 JavaThread "C2 CompilerThread1" daemon [_thread_blocked, id=19203, stack(0x0000000121acc000,0x0000000121bcc000)]
  0x00007fe6e4830000 JavaThread "C2 CompilerThread0" daemon [_thread_blocked, id=18691, stack(0x00000001219c9000,0x0000000121ac9000)]
  0x00007fe6e282a800 JavaThread "Signal Dispatcher" daemon [_thread_blocked, id=15383, stack(0x00000001218c6000,0x00000001219c6000)]
  0x00007fe6e482b000 JavaThread "Finalizer" daemon [_thread_blocked, id=13571, stack(0x000000011fea2000,0x000000011ffa2000)]
  0x00007fe6e5001000 JavaThread "Reference Handler" daemon [_thread_blocked, id=13059, stack(0x000000011fd9f000,0x000000011fe9f000)]

Other Threads:
  0x00007fe6e4828000 VMThread [stack: 0x000000011fc9c000,0x000000011fd9c000] [id=12547]
  0x00007fe6e282b800 WatcherThread [stack: 0x0000000121ed8000,0x0000000121fd8000] [id=21251]

VM state:not at safepoint (normal execution)

VM Mutex/Monitor currently owned by a thread: None

Heap:
 PSYoungGen      total 249856K, used 31595K [0x000000076ab00000, 0x000000077e200000, 0x00000007c0000000)
  eden space 208384K, 9% used [0x000000076ab00000,0x000000076bd62c18,0x0000000777680000)
  from space 41472K, 30% used [0x0000000777680000,0x00000007782f80f0,0x0000000779f00000)
  to   space 40960K, 0% used [0x000000077ba00000,0x000000077ba00000,0x000000077e200000)
 ParOldGen       total 190976K, used 80039K [0x00000006c0000000, 0x00000006cba80000, 0x000000076ab00000)
  object space 190976K, 41% used [0x00000006c0000000,0x00000006c4e29de0,0x00000006cba80000)
 Metaspace       used 21657K, capacity 21964K, committed 22144K, reserved 1069056K
  class space    used 3089K, capacity 3163K, committed 3200K, reserved 1048576K

Card table byte_map: [0x0000000113857000,0x0000000114058000] byte_map_base: 0x0000000110257000

Marking Bits: (ParMarkBitMap*) 0x0000000103ce6eb0
 Begin Bits: [0x0000000114dc6000, 0x0000000118dc6000)
 End Bits:   [0x0000000118dc6000, 0x000000011cdc6000)

Polling page: 0x0000000102346000

CodeCache: size=245760Kb used=12681Kb max_used=12780Kb free=233078Kb
 bounds [0x0000000104497000, 0x0000000105137000, 0x0000000113497000]
 total_blobs=4321 nmethods=3719 adapters=512
 compilation: enabled

Compilation events (10 events):
Event: 677.179 Thread 0x00007fe6e2035000 4574       3       java.awt.Container::preProcessKeyEvent (15 bytes)
Event: 677.179 Thread 0x00007fe6e2820800 4575  s    4       java.util.Vector::addElement (38 bytes)
Event: 677.180 Thread 0x00007fe6e2035000 nmethod 4574 0x0000000104cdca50 code [0x0000000104cdcbc0, 0x0000000104cdce28]
Event: 677.181 Thread 0x00007fe6e2035000 4576       3       java.awt.Container::postProcessKeyEvent (15 bytes)
Event: 677.181 Thread 0x00007fe6e2035000 nmethod 4576 0x0000000104bfd310 code [0x0000000104bfd480, 0x0000000104bfd6e8]
Event: 677.182 Thread 0x00007fe6e2820800 nmethod 4575 0x0000000104c29b50 code [0x0000000104c29cc0, 0x0000000104c2a0a8]
Event: 677.408 Thread 0x00007fe6e2035000 4577       3       java.awt.event.FocusEvent::getOppositeComponent (31 bytes)
Event: 677.408 Thread 0x00007fe6e2035000 nmethod 4577 0x0000000104ce10d0 code [0x0000000104ce12a0, 0x0000000104ce19e8]
Event: 677.408 Thread 0x00007fe6e2035000 4578       3       com.apple.laf.AquaTabbedPaneCopyFromBasicUI::calculateTabAreaHeight (44 bytes)
Event: 677.408 Thread 0x00007fe6e2035000 nmethod 4578 0x0000000104bfadd0 code [0x0000000104bfaf60, 0x0000000104bfb368]

GC Heap History (10 events):
Event: 673.261 GC heap before
{Heap before GC invocations=628 (full 13):
 PSYoungGen      total 198144K, used 181696K [0x000000076ab00000, 0x0000000779980000, 0x00000007c0000000)
  eden space 167936K, 100% used [0x000000076ab00000,0x0000000774f00000,0x0000000774f00000)
  from space 30208K, 45% used [0x0000000776b80000,0x00000007778f0180,0x0000000778900000)
  to   space 29184K, 0% used [0x0000000774f00000,0x0000000774f00000,0x0000000776b80000)
 ParOldGen       total 190976K, used 75685K [0x00000006c0000000, 0x00000006cba80000, 0x000000076ab00000)
  object space 190976K, 39% used [0x00000006c0000000,0x00000006c49e9560,0x00000006cba80000)
 Metaspace       used 21652K, capacity 21964K, committed 22144K, reserved 1069056K
  class space    used 3089K, capacity 3163K, committed 3200K, reserved 1048576K
Event: 673.267 GC heap after
Heap after GC invocations=628 (full 13):
 PSYoungGen      total 197120K, used 29171K [0x000000076ab00000, 0x000000077a280000, 0x00000007c0000000)
  eden space 167936K, 0% used [0x000000076ab00000,0x000000076ab00000,0x0000000774f00000)
  from space 29184K, 99% used [0x0000000774f00000,0x0000000776b7cce8,0x0000000776b80000)
  to   space 33280K, 0% used [0x0000000778200000,0x0000000778200000,0x000000077a280000)
 ParOldGen       total 190976K, used 76859K [0x00000006c0000000, 0x00000006cba80000, 0x000000076ab00000)
  object space 190976K, 40% used [0x00000006c0000000,0x00000006c4b0eed0,0x00000006cba80000)
 Metaspace       used 21652K, capacity 21964K, committed 22144K, reserved 1069056K
  class space    used 3089K, capacity 3163K, committed 3200K, reserved 1048576K
}
Event: 674.218 GC heap before
{Heap before GC invocations=629 (full 13):
 PSYoungGen      total 197120K, used 197107K [0x000000076ab00000, 0x000000077a280000, 0x00000007c0000000)
  eden space 167936K, 100% used [0x000000076ab00000,0x0000000774f00000,0x0000000774f00000)
  from space 29184K, 99% used [0x0000000774f00000,0x0000000776b7cce8,0x0000000776b80000)
  to   space 33280K, 0% used [0x0000000778200000,0x0000000778200000,0x000000077a280000)
 ParOldGen       total 190976K, used 76859K [0x00000006c0000000, 0x00000006cba80000, 0x000000076ab00000)
  object space 190976K, 40% used [0x00000006c0000000,0x00000006c4b0eed0,0x00000006cba80000)
 Metaspace       used 21653K, capacity 21964K, committed 22144K, reserved 1069056K
  class space    used 3089K, capacity 3163K, committed 3200K, reserved 1048576K
Event: 674.238 GC heap after
Heap after GC invocations=629 (full 13):
 PSYoungGen      total 217088K, used 30056K [0x000000076ab00000, 0x000000077ac80000, 0x00000007c0000000)
  eden space 183808K, 0% used [0x000000076ab00000,0x000000076ab00000,0x0000000775e80000)
  from space 33280K, 90% used [0x0000000778200000,0x0000000779f5a338,0x000000077a280000)
  to   space 36352K, 0% used [0x0000000775e80000,0x0000000775e80000,0x0000000778200000)
 ParOldGen       total 190976K, used 76859K [0x00000006c0000000, 0x00000006cba80000, 0x000000076ab00000)
  object space 190976K, 40% used [0x00000006c0000000,0x00000006c4b0eed0,0x00000006cba80000)
 Metaspace       used 21653K, capacity 21964K, committed 22144K, reserved 1069056K
  class space    used 3089K, capacity 3163K, committed 3200K, reserved 1048576K
}
Event: 675.418 GC heap before
{Heap before GC invocations=630 (full 13):
 PSYoungGen      total 217088K, used 213864K [0x000000076ab00000, 0x000000077ac80000, 0x00000007c0000000)
  eden space 183808K, 100% used [0x000000076ab00000,0x0000000775e80000,0x0000000775e80000)
  from space 33280K, 90% used [0x0000000778200000,0x0000000779f5a338,0x000000077a280000)
  to   space 36352K, 0% used [0x0000000775e80000,0x0000000775e80000,0x0000000778200000)
 ParOldGen       total 190976K, used 76859K [0x00000006c0000000, 0x00000006cba80000, 0x000000076ab00000)
  object space 190976K, 40% used [0x00000006c0000000,0x00000006c4b0eed0,0x00000006cba80000)
 Metaspace       used 21656K, capacity 21964K, committed 22144K, reserved 1069056K
  class space    used 3089K, capacity 3163K, committed 3200K, reserved 1048576K
Event: 675.429 GC heap after
Heap after GC invocations=630 (full 13):
 PSYoungGen      total 220160K, used 36100K [0x000000076ab00000, 0x000000077c780000, 0x00000007c0000000)
  eden space 183808K, 0% used [0x000000076ab00000,0x000000076ab00000,0x0000000775e80000)
  from space 36352K, 99% used [0x0000000775e80000,0x00000007781c11b8,0x0000000778200000)
  to   space 41472K, 0% used [0x0000000779f00000,0x0000000779f00000,0x000000077c780000)
 ParOldGen       total 190976K, used 76859K [0x00000006c0000000, 0x00000006cba80000, 0x000000076ab00000)
  object space 190976K, 40% used [0x00000006c0000000,0x00000006c4b0eed0,0x00000006cba80000)
 Metaspace       used 21656K, capacity 21964K, committed 22144K, reserved 1069056K
  class space    used 3089K, capacity 3163K, committed 3200K, reserved 1048576K
}
Event: 676.270 GC heap before
{Heap before GC invocations=631 (full 13):
 PSYoungGen      total 220160K, used 219908K [0x000000076ab00000, 0x000000077c780000, 0x00000007c0000000)
  eden space 183808K, 100% used [0x000000076ab00000,0x0000000775e80000,0x0000000775e80000)
  from space 36352K, 99% used [0x0000000775e80000,0x00000007781c11b8,0x0000000778200000)
  to   space 41472K, 0% used [0x0000000779f00000,0x0000000779f00000,0x000000077c780000)
 ParOldGen       total 190976K, used 76859K [0x00000006c0000000, 0x00000006cba80000, 0x000000076ab00000)
  object space 190976K, 40% used [0x00000006c0000000,0x00000006c4b0eed0,0x00000006cba80000)
 Metaspace       used 21656K, capacity 21964K, committed 22144K, reserved 1069056K
  class space    used 3089K, capacity 3163K, committed 3200K, reserved 1048576K
Event: 676.283 GC heap after
Heap after GC invocations=631 (full 13):
 PSYoungGen      total 249856K, used 26681K [0x000000076ab00000, 0x000000077c900000, 0x00000007c0000000)
  eden space 208384K, 0% used [0x000000076ab00000,0x000000076ab00000,0x0000000777680000)
  from space 41472K, 64% used [0x0000000779f00000,0x000000077b90e488,0x000000077c780000)
  to   space 41472K, 0% used [0x0000000777680000,0x0000000777680000,0x0000000779f00000)
 ParOldGen       total 190976K, used 80039K [0x00000006c0000000, 0x00000006cba80000, 0x000000076ab00000)
  object space 190976K, 41% used [0x00000006c0000000,0x00000006c4e29de0,0x00000006cba80000)
 Metaspace       used 21656K, capacity 21964K, committed 22144K, reserved 1069056K
  class space    used 3089K, capacity 3163K, committed 3200K, reserved 1048576K
}
Event: 677.670 GC heap before
{Heap before GC invocations=632 (full 13):
 PSYoungGen      total 249856K, used 233455K [0x000000076ab00000, 0x000000077c900000, 0x00000007c0000000)
  eden space 208384K, 99% used [0x000000076ab00000,0x00000007774eda28,0x0000000777680000)
  from space 41472K, 64% used [0x0000000779f00000,0x000000077b90e488,0x000000077c780000)
  to   space 41472K, 0% used [0x0000000777680000,0x0000000777680000,0x0000000779f00000)
 ParOldGen       total 190976K, used 80039K [0x00000006c0000000, 0x00000006cba80000, 0x000000076ab00000)
  object space 190976K, 41% used [0x00000006c0000000,0x00000006c4e29de0,0x00000006cba80000)
 Metaspace       used 21657K, capacity 21964K, committed 22144K, reserved 1069056K
  class space    used 3089K, capacity 3163K, committed 3200K, reserved 1048576K
Event: 677.678 GC heap after
Heap after GC invocations=632 (full 13):
 PSYoungGen      total 249856K, used 12768K [0x000000076ab00000, 0x000000077e200000, 0x00000007c0000000)
  eden space 208384K, 0% used [0x000000076ab00000,0x000000076ab00000,0x0000000777680000)
  from space 41472K, 30% used [0x0000000777680000,0x00000007782f80f0,0x0000000779f00000)
  to   space 40960K, 0% used [0x000000077ba00000,0x000000077ba00000,0x000000077e200000)
 ParOldGen       total 190976K, used 80039K [0x00000006c0000000, 0x00000006cba80000, 0x000000076ab00000)
  object space 190976K, 41% used [0x00000006c0000000,0x00000006c4e29de0,0x00000006cba80000)
 Metaspace       used 21657K, capacity 21964K, committed 22144K, reserved 1069056K
  class space    used 3089K, capacity 3163K, committed 3200K, reserved 1048576K
}

Deoptimization events (10 events):
Event: 427.172 Thread 0x00007fe6e2d00000 Uncommon trap: reason=class_check action=maybe_recompile pc=0x0000000104d47f10 method=sun.java2d.SunGraphics2D.validateCompClip()V @ 102
Event: 440.551 Thread 0x00007fe6e2d00000 Uncommon trap: reason=range_check action=make_not_entrant pc=0x0000000104fe8500 method=java.lang.String.charAt(I)C @ 27
Event: 446.209 Thread 0x00007fe6e2d00000 Uncommon trap: reason=unstable_if action=reinterpret pc=0x00000001049a3684 method=javax.swing.table.DefaultTableCellRenderer.getTableCellRendererComponent(Ljavax/swing/JTable;Ljava/lang/Object;ZZII)Ljava/awt/Component; @ 227
Event: 446.210 Thread 0x00007fe6e2d00000 Uncommon trap: reason=bimorphic action=maybe_recompile pc=0x0000000104ee8d8c method=javax.swing.JComponent.getInsets(Ljava/awt/Insets;)Ljava/awt/Insets; @ 42
Event: 447.735 Thread 0x00007fe6e21a6800 Uncommon trap: reason=unstable_if action=reinterpret pc=0x0000000104f67e04 method=mars.simulator.BackStepper$BackstepStack.push(IIII)V @ 4
Event: 451.208 Thread 0x00007fe6e2d00000 Uncommon trap: reason=unstable_if action=reinterpret pc=0x0000000104f4e4f4 method=com.apple.laf.AquaRootPaneUI.updateComponentTreeUIActivation(Ljava/awt/Component;Ljava/lang/Object;)V @ 14
Event: 453.896 Thread 0x00007fe6e2d00000 Uncommon trap: reason=unstable_if action=reinterpret pc=0x0000000104aab708 method=java.util.IdentityHashMap.nextKeyIndex(II)I @ 4
Event: 454.246 Thread 0x00007fe6e2d00000 Uncommon trap: reason=unstable_if action=reinterpret pc=0x0000000104cd7ed0 method=java.util.IdentityHashMap.nextKeyIndex(II)I @ 4
Event: 454.538 Thread 0x00007fe6e2d00000 Uncommon trap: reason=unstable_if action=reinterpret pc=0x0000000104d8d8d0 method=java.awt.Container.findComponentAtImpl(IIZ)Ljava/awt/Component; @ 6
Event: 454.539 Thread 0x00007fe6e2d00000 Uncommon trap: reason=unstable_if action=reinterpret pc=0x0000000104a7f388 method=sun.lwawt.LWCursorManager.findComponent(Ljava/awt/Point;)Ljava/awt/Component; @ 70

Internal exceptions (10 events):
Event: 5.058 Thread 0x00007fe6e2d00000 Exception <a 'java/lang/NullPointerException'> (0x000000076b59a2c8) thrown at [/Users/java_re/workspace/8-2-build-macosx-x86_64/jdk8u91/6644/hotspot/src/share/vm/prims/jni.cpp, line 735]
Event: 5.632 Thread 0x00007fe6e482b000 Exception <a 'java/lang/NullPointerException'> (0x000000076b7f4008) thrown at [/Users/java_re/workspace/8-2-build-macosx-x86_64/jdk8u91/6644/hotspot/src/share/vm/interpreter/linkResolver.cpp, line 1178]
Event: 5.635 Thread 0x00007fe6e482b000 Exception <a 'java/lang/NullPointerException'> (0x000000076b7f43a8) thrown at [/Users/java_re/workspace/8-2-build-macosx-x86_64/jdk8u91/6644/hotspot/src/share/vm/interpreter/linkResolver.cpp, line 1178]
Event: 5.636 Thread 0x00007fe6e482b000 Exception <a 'java/lang/NullPointerException'> (0x000000076b7f45b0) thrown at [/Users/java_re/workspace/8-2-build-macosx-x86_64/jdk8u91/6644/hotspot/src/share/vm/interpreter/linkResolver.cpp, line 1178]
Event: 10.974 Thread 0x00007fe6e482b000 Exception <a 'java/lang/NullPointerException'> (0x000000076b85ffb8) thrown at [/Users/java_re/workspace/8-2-build-macosx-x86_64/jdk8u91/6644/hotspot/src/share/vm/interpreter/linkResolver.cpp, line 1178]
Event: 17.047 Thread 0x00007fe6e2d00000 Implicit null exception at 0x0000000104b435b2 to 0x0000000104b445cd
Event: 17.452 Thread 0x00007fe6e2d00000 Implicit null exception at 0x0000000104aee0f8 to 0x0000000104aee3a5
Event: 420.079 Thread 0x00007fe6ecc5e800 Exception <a 'java/io/FileNotFoundException'> (0x000000076b2d7a38) thrown at [/Users/java_re/workspace/8-2-build-macosx-x86_64/jdk8u91/6644/hotspot/src/share/vm/prims/jni.cpp, line 709]
Event: 447.735 Thread 0x00007fe6e21a6800 Exception <a 'java/io/FileNotFoundException'> (0x000000076b766e10) thrown at [/Users/java_re/workspace/8-2-build-macosx-x86_64/jdk8u91/6644/hotspot/src/share/vm/prims/jni.cpp, line 709]
Event: 454.539 Thread 0x00007fe6e2d00000 Implicit null exception at 0x0000000104a7edb5 to 0x0000000104a7f379

Events (10 events):
Event: 675.429 Executing VM operation: ParallelGCFailedAllocation done
Event: 675.918 Thread 0x00007fe6e2035000 flushing nmethod 0x0000000104d1df90
Event: 675.918 Thread 0x00007fe6e2035000 flushing nmethod 0x0000000104d6d6d0
Event: 675.918 Thread 0x00007fe6e2035000 flushing nmethod 0x0000000104d7d390
Event: 676.270 Executing VM operation: ParallelGCFailedAllocation
Event: 676.284 Executing VM operation: ParallelGCFailedAllocation done
Event: 677.181 Thread 0x00007fe6e2035000 flushing nmethod 0x0000000104f4f390
Event: 677.181 Thread 0x00007fe6e2035000 flushing nmethod 0x000000010503a450
Event: 677.670 Executing VM operation: ParallelGCFailedAllocation
Event: 677.678 Executing VM operation: ParallelGCFailedAllocation done


Dynamic libraries:
0x0000000000082000 	/System/Library/Frameworks/Cocoa.framework/Versions/A/Cocoa
0x0000000000082000 	/System/Library/Frameworks/Security.framework/Versions/A/Security
0x0000000000082000 	/System/Library/Frameworks/ApplicationServices.framework/Versions/A/ApplicationServices
0x0000000000082000 	/usr/lib/libz.1.dylib
0x0000000000082000 	/usr/lib/libSystem.B.dylib
0x0000000000082000 	/usr/lib/libobjc.A.dylib
0x0000000000082000 	/System/Library/Frameworks/CoreFoundation.framework/Versions/A/CoreFoundation
0x0000000000082000 	/System/Library/Frameworks/Foundation.framework/Versions/C/Foundation
0x0000000000082000 	/System/Library/Frameworks/AppKit.framework/Versions/C/AppKit
0x0000000000082000 	/System/Library/Frameworks/CoreData.framework/Versions/A/CoreData
0x0000000000082000 	/System/Library/PrivateFrameworks/RemoteViewServices.framework/Versions/A/RemoteViewServices
0x0000000000082000 	/System/Library/PrivateFrameworks/UIFoundation.framework/Versions/A/UIFoundation
0x0000000000082000 	/System/Library/Frameworks/IOSurface.framework/Versions/A/IOSurface
0x0000000000082000 	/System/Library/Frameworks/AudioToolbox.framework/Versions/A/AudioToolbox
0x0000000000082000 	/System/Library/Frameworks/AudioUnit.framework/Versions/A/AudioUnit
0x0000000000082000 	/System/Library/PrivateFrameworks/DataDetectorsCore.framework/Versions/A/DataDetectorsCore
0x0000000000082000 	/System/Library/PrivateFrameworks/DesktopServicesPriv.framework/Versions/A/DesktopServicesPriv
0x0000000000082000 	/System/Library/Frameworks/Carbon.framework/Versions/A/Frameworks/HIToolbox.framework/Versions/A/HIToolbox
0x0000000000082000 	/System/Library/Frameworks/QuartzCore.framework/Versions/A/QuartzCore
0x0000000000082000 	/System/Library/Frameworks/Carbon.framework/Versions/A/Frameworks/SpeechRecognition.framework/Versions/A/SpeechRecognition
0x0000000000082000 	/usr/lib/libauto.dylib
0x0000000000082000 	/usr/lib/libicucore.A.dylib
0x0000000000082000 	/usr/lib/libxml2.2.dylib
0x0000000000082000 	/System/Library/PrivateFrameworks/CoreUI.framework/Versions/A/CoreUI
0x0000000000082000 	/System/Library/Frameworks/CoreAudio.framework/Versions/A/CoreAudio
0x0000000000082000 	/System/Library/Frameworks/DiskArbitration.framework/Versions/A/DiskArbitration
0x0000000000082000 	/usr/lib/liblangid.dylib
0x0000000000082000 	/System/Library/PrivateFrameworks/MultitouchSupport.framework/Versions/A/MultitouchSupport
0x0000000000082000 	/System/Library/Frameworks/IOKit.framework/Versions/A/IOKit
0x0000000000082000 	/usr/lib/libDiagnosticMessagesClient.dylib
0x0000000000082000 	/System/Library/Frameworks/CoreServices.framework/Versions/A/CoreServices
0x0000000000082000 	/System/Library/PrivateFrameworks/PerformanceAnalysis.framework/Versions/A/PerformanceAnalysis
0x0000000000082000 	/System/Library/PrivateFrameworks/GenerationalStorage.framework/Versions/A/GenerationalStorage
0x0000000000082000 	/System/Library/Frameworks/OpenGL.framework/Versions/A/OpenGL
0x0000000000082000 	/System/Library/PrivateFrameworks/Sharing.framework/Versions/A/Sharing
0x0000000000082000 	/System/Library/Frameworks/CoreGraphics.framework/Versions/A/CoreGraphics
0x0000000000082000 	/System/Library/Frameworks/CoreText.framework/Versions/A/CoreText
0x0000000000082000 	/System/Library/Frameworks/ImageIO.framework/Versions/A/ImageIO
0x0000000000082000 	/usr/lib/libextension.dylib
0x0000000000082000 	/System/Library/PrivateFrameworks/Backup.framework/Versions/A/Backup
0x0000000000082000 	/usr/lib/libarchive.2.dylib
0x0000000000082000 	/System/Library/Frameworks/CFNetwork.framework/Versions/A/CFNetwork
0x0000000000082000 	/System/Library/Frameworks/SystemConfiguration.framework/Versions/A/SystemConfiguration
0x0000000000082000 	/usr/lib/libCRFSuite.dylib
0x0000000000082000 	/usr/lib/libc++.1.dylib
0x0000000000082000 	/usr/lib/libc++abi.dylib
0x0000000000082000 	/usr/lib/system/libcache.dylib
0x0000000000082000 	/usr/lib/system/libcommonCrypto.dylib
0x0000000000082000 	/usr/lib/system/libcompiler_rt.dylib
0x0000000000082000 	/usr/lib/system/libcopyfile.dylib
0x0000000000082000 	/usr/lib/system/libcorecrypto.dylib
0x0000000000082000 	/usr/lib/system/libdispatch.dylib
0x0000000000082000 	/usr/lib/system/libdyld.dylib
0x0000000000082000 	/usr/lib/system/libkeymgr.dylib
0x0000000000082000 	/usr/lib/system/liblaunch.dylib
0x0000000000082000 	/usr/lib/system/libmacho.dylib
0x0000000000082000 	/usr/lib/system/libquarantine.dylib
0x0000000000082000 	/usr/lib/system/libremovefile.dylib
0x0000000000082000 	/usr/lib/system/libsystem_asl.dylib
0x0000000000082000 	/usr/lib/system/libsystem_blocks.dylib
0x0000000000082000 	/usr/lib/system/libsystem_c.dylib
0x0000000000082000 	/usr/lib/system/libsystem_configuration.dylib
0x0000000000082000 	/usr/lib/system/libsystem_coreservices.dylib
0x0000000000082000 	/usr/lib/system/libsystem_coretls.dylib
0x0000000000082000 	/usr/lib/system/libsystem_dnssd.dylib
0x0000000000082000 	/usr/lib/system/libsystem_info.dylib
0x0000000000082000 	/usr/lib/system/libsystem_kernel.dylib
0x0000000000082000 	/usr/lib/system/libsystem_m.dylib
0x0000000000082000 	/usr/lib/system/libsystem_malloc.dylib
0x0000000000082000 	/usr/lib/system/libsystem_network.dylib
0x0000000000082000 	/usr/lib/system/libsystem_networkextension.dylib
0x0000000000082000 	/usr/lib/system/libsystem_notify.dylib
0x0000000000082000 	/usr/lib/system/libsystem_platform.dylib
0x0000000000082000 	/usr/lib/system/libsystem_pthread.dylib
0x0000000000082000 	/usr/lib/system/libsystem_sandbox.dylib
0x0000000000082000 	/usr/lib/system/libsystem_secinit.dylib
0x0000000000082000 	/usr/lib/system/libsystem_stats.dylib
0x0000000000082000 	/usr/lib/system/libsystem_trace.dylib
0x0000000000082000 	/usr/lib/system/libunc.dylib
0x0000000000082000 	/usr/lib/system/libunwind.dylib
0x0000000000082000 	/usr/lib/system/libxpc.dylib
0x0000000000082000 	/usr/lib/libbz2.1.0.dylib
0x0000000000082000 	/usr/lib/liblzma.5.dylib
0x0000000000082000 	/usr/lib/libbsm.0.dylib
0x0000000000082000 	/usr/lib/libsqlite3.dylib
0x0000000000082000 	/usr/lib/system/libkxld.dylib
0x0000000000082000 	/usr/lib/libxar.1.dylib
0x0000000000082000 	/usr/lib/libpam.2.dylib
0x0000000000082000 	/usr/lib/libOpenScriptingUtil.dylib
0x0000000000082000 	/System/Library/Frameworks/CoreServices.framework/Versions/A/Frameworks/FSEvents.framework/Versions/A/FSEvents
0x0000000000082000 	/System/Library/Frameworks/CoreServices.framework/Versions/A/Frameworks/CarbonCore.framework/Versions/A/CarbonCore
0x0000000000082000 	/System/Library/Frameworks/CoreServices.framework/Versions/A/Frameworks/Metadata.framework/Versions/A/Metadata
0x0000000000082000 	/System/Library/Frameworks/CoreServices.framework/Versions/A/Frameworks/OSServices.framework/Versions/A/OSServices
0x0000000000082000 	/System/Library/Frameworks/CoreServices.framework/Versions/A/Frameworks/SearchKit.framework/Versions/A/SearchKit
0x0000000000082000 	/System/Library/Frameworks/CoreServices.framework/Versions/A/Frameworks/AE.framework/Versions/A/AE
0x0000000000082000 	/System/Library/Frameworks/CoreServices.framework/Versions/A/Frameworks/LaunchServices.framework/Versions/A/LaunchServices
0x0000000000082000 	/System/Library/Frameworks/CoreServices.framework/Versions/A/Frameworks/DictionaryServices.framework/Versions/A/DictionaryServices
0x0000000000082000 	/System/Library/Frameworks/NetFS.framework/Versions/A/NetFS
0x0000000000082000 	/System/Library/PrivateFrameworks/NetAuth.framework/Versions/A/NetAuth
0x0000000000082000 	/System/Library/PrivateFrameworks/login.framework/Versions/A/Frameworks/loginsupport.framework/Versions/A/loginsupport
0x0000000000082000 	/System/Library/PrivateFrameworks/TCC.framework/Versions/A/TCC
0x0000000000082000 	/usr/lib/libmecabra.dylib
0x0000000000082000 	/System/Library/Frameworks/ApplicationServices.framework/Versions/A/Frameworks/ATS.framework/Versions/A/ATS
0x0000000000082000 	/System/Library/Frameworks/ApplicationServices.framework/Versions/A/Frameworks/ColorSync.framework/Versions/A/ColorSync
0x0000000000082000 	/System/Library/Frameworks/ApplicationServices.framework/Versions/A/Frameworks/HIServices.framework/Versions/A/HIServices
0x0000000000082000 	/System/Library/Frameworks/ApplicationServices.framework/Versions/A/Frameworks/LangAnalysis.framework/Versions/A/LangAnalysis
0x0000000000082000 	/System/Library/Frameworks/ApplicationServices.framework/Versions/A/Frameworks/PrintCore.framework/Versions/A/PrintCore
0x0000000000082000 	/System/Library/Frameworks/ApplicationServices.framework/Versions/A/Frameworks/QD.framework/Versions/A/QD
0x0000000000082000 	/System/Library/Frameworks/ApplicationServices.framework/Versions/A/Frameworks/SpeechSynthesis.framework/Versions/A/SpeechSynthesis
0x0000000000082000 	/System/Library/Frameworks/Accelerate.framework/Versions/A/Accelerate
0x0000000000082000 	/System/Library/Frameworks/Accelerate.framework/Versions/A/Frameworks/vImage.framework/Versions/A/vImage
0x0000000000082000 	/System/Library/Frameworks/Accelerate.framework/Versions/A/Frameworks/vecLib.framework/Versions/A/vecLib
0x0000000000082000 	/System/Library/Frameworks/Accelerate.framework/Versions/A/Frameworks/vecLib.framework/Versions/A/libvDSP.dylib
0x0000000000082000 	/System/Library/Frameworks/Accelerate.framework/Versions/A/Frameworks/vecLib.framework/Versions/A/libvMisc.dylib
0x0000000000082000 	/System/Library/Frameworks/Accelerate.framework/Versions/A/Frameworks/vecLib.framework/Versions/A/libLAPACK.dylib
0x0000000000082000 	/System/Library/Frameworks/Accelerate.framework/Versions/A/Frameworks/vecLib.framework/Versions/A/libBLAS.dylib
0x0000000000082000 	/System/Library/Frameworks/Accelerate.framework/Versions/A/Frameworks/vecLib.framework/Versions/A/libLinearAlgebra.dylib
0x0000000000082000 	/System/Library/Frameworks/ApplicationServices.framework/Versions/A/Frameworks/ATS.framework/Versions/A/Resources/libFontParser.dylib
0x0000000000082000 	/System/Library/Frameworks/ApplicationServices.framework/Versions/A/Frameworks/ATS.framework/Versions/A/Resources/libFontRegistry.dylib
0x0000000000082000 	/System/Library/PrivateFrameworks/AppleVPA.framework/Versions/A/AppleVPA
0x0000000000082000 	/System/Library/PrivateFrameworks/AppleJPEG.framework/Versions/A/AppleJPEG
0x0000000000082000 	/System/Library/Frameworks/ImageIO.framework/Versions/A/Resources/libJPEG.dylib
0x0000000000082000 	/System/Library/Frameworks/ImageIO.framework/Versions/A/Resources/libTIFF.dylib
0x0000000000082000 	/System/Library/Frameworks/ImageIO.framework/Versions/A/Resources/libPng.dylib
0x0000000000082000 	/System/Library/Frameworks/ImageIO.framework/Versions/A/Resources/libGIF.dylib
0x0000000000082000 	/System/Library/Frameworks/ImageIO.framework/Versions/A/Resources/libJP2.dylib
0x0000000000082000 	/System/Library/Frameworks/ImageIO.framework/Versions/A/Resources/libRadiance.dylib
0x0000000000082000 	/System/Library/Frameworks/CoreVideo.framework/Versions/A/CoreVideo
0x0000000000082000 	/System/Library/Frameworks/OpenGL.framework/Versions/A/Libraries/libGLU.dylib
0x0000000000082000 	/System/Library/Frameworks/OpenGL.framework/Versions/A/Libraries/libGFXShared.dylib
0x0000000000082000 	/System/Library/Frameworks/OpenGL.framework/Versions/A/Libraries/libGL.dylib
0x0000000000082000 	/System/Library/Frameworks/OpenGL.framework/Versions/A/Libraries/libGLImage.dylib
0x0000000000082000 	/System/Library/Frameworks/OpenGL.framework/Versions/A/Libraries/libCVMSPluginSupport.dylib
0x0000000000082000 	/System/Library/Frameworks/OpenGL.framework/Versions/A/Libraries/libCoreVMClient.dylib
0x0000000000082000 	/usr/lib/libcups.2.dylib
0x0000000000082000 	/System/Library/Frameworks/Kerberos.framework/Versions/A/Kerberos
0x0000000000082000 	/System/Library/Frameworks/GSS.framework/Versions/A/GSS
0x0000000000082000 	/usr/lib/libresolv.9.dylib
0x0000000000082000 	/usr/lib/libiconv.2.dylib
0x0000000000082000 	/System/Library/PrivateFrameworks/Heimdal.framework/Versions/A/Heimdal
0x0000000000082000 	/usr/lib/libheimdal-asn1.dylib
0x0000000000082000 	/System/Library/Frameworks/OpenDirectory.framework/Versions/A/OpenDirectory
0x0000000000082000 	/System/Library/PrivateFrameworks/CommonAuth.framework/Versions/A/CommonAuth
0x0000000000082000 	/System/Library/Frameworks/OpenDirectory.framework/Versions/A/Frameworks/CFOpenDirectory.framework/Versions/A/CFOpenDirectory
0x0000000000082000 	/System/Library/Frameworks/SecurityFoundation.framework/Versions/A/SecurityFoundation
0x0000000000082000 	/System/Library/PrivateFrameworks/LanguageModeling.framework/Versions/A/LanguageModeling
0x0000000000082000 	/usr/lib/libcmph.dylib
0x0000000000082000 	/System/Library/Frameworks/ServiceManagement.framework/Versions/A/ServiceManagement
0x0000000000082000 	/usr/lib/libxslt.1.dylib
0x0000000000082000 	/System/Library/Frameworks/Carbon.framework/Versions/A/Frameworks/Ink.framework/Versions/A/Ink
0x0000000000082000 	/System/Library/Frameworks/QuartzCore.framework/Versions/A/Frameworks/CoreImage.framework/Versions/A/CoreImage
0x0000000000082000 	/System/Library/PrivateFrameworks/CrashReporterSupport.framework/Versions/A/CrashReporterSupport
0x0000000000082000 	/System/Library/Frameworks/OpenCL.framework/Versions/A/OpenCL
0x0000000000082000 	/System/Library/PrivateFrameworks/FaceCore.framework/Versions/A/FaceCore
0x0000000000082000 	/System/Library/PrivateFrameworks/Ubiquity.framework/Versions/A/Ubiquity
0x0000000000082000 	/System/Library/PrivateFrameworks/IconServices.framework/Versions/A/IconServices
0x0000000000082000 	/System/Library/PrivateFrameworks/ChunkingLibrary.framework/Versions/A/ChunkingLibrary
0x0000000000082000 	/System/Library/PrivateFrameworks/Apple80211.framework/Versions/A/Apple80211
0x0000000000082000 	/System/Library/Frameworks/CoreWLAN.framework/Versions/A/CoreWLAN
0x0000000000082000 	/System/Library/Frameworks/IOBluetooth.framework/Versions/A/IOBluetooth
0x0000000000082000 	/System/Library/PrivateFrameworks/CoreWiFi.framework/Versions/A/CoreWiFi
0x0000000000082000 	/System/Library/Frameworks/CoreBluetooth.framework/Versions/A/CoreBluetooth
0x0000000000082000 	/System/Library/PrivateFrameworks/DebugSymbols.framework/Versions/A/DebugSymbols
0x0000000000082000 	/System/Library/PrivateFrameworks/CoreSymbolication.framework/Versions/A/CoreSymbolication
0x0000000000082000 	/System/Library/PrivateFrameworks/Symbolication.framework/Versions/A/Symbolication
0x0000000000082000 	/System/Library/PrivateFrameworks/SpeechRecognitionCore.framework/Versions/A/SpeechRecognitionCore
0x0000000103400000 	/Library/Internet Plug-Ins/JavaAppletPlugin.plugin/Contents/Home/lib/server/libjvm.dylib
0x0000000000082000 	/usr/lib/libstdc++.6.dylib
0x0000000102303000 	/Library/Internet Plug-Ins/JavaAppletPlugin.plugin/Contents/Home/lib/libverify.dylib
0x0000000102311000 	/Library/Internet Plug-Ins/JavaAppletPlugin.plugin/Contents/Home/lib/libjava.dylib
0x0000000102350000 	/Library/Internet Plug-Ins/JavaAppletPlugin.plugin/Contents/Home/lib/libzip.dylib
0x000000011ffa4000 	/System/Library/Frameworks/JavaVM.framework/Frameworks/JavaRuntimeSupport.framework/JavaRuntimeSupport
0x000000011ffbf000 	/System/Library/Frameworks/JavaVM.framework/Versions/A/Frameworks/JavaNativeFoundation.framework/Versions/A/JavaNativeFoundation
0x000000011ffd4000 	/System/Library/Frameworks/JavaVM.framework/Versions/A/JavaVM
0x0000000000082000 	/System/Library/Frameworks/Carbon.framework/Versions/A/Carbon
0x000000011ffe1000 	/System/Library/PrivateFrameworks/JavaLaunching.framework/Versions/A/JavaLaunching
0x0000000000082000 	/System/Library/Frameworks/Carbon.framework/Versions/A/Frameworks/CommonPanels.framework/Versions/A/CommonPanels
0x0000000000082000 	/System/Library/Frameworks/Carbon.framework/Versions/A/Frameworks/Help.framework/Versions/A/Help
0x0000000000082000 	/System/Library/Frameworks/Carbon.framework/Versions/A/Frameworks/ImageCapture.framework/Versions/A/ImageCapture
0x0000000000082000 	/System/Library/Frameworks/Carbon.framework/Versions/A/Frameworks/OpenScripting.framework/Versions/A/OpenScripting
0x0000000000082000 	/System/Library/Frameworks/Carbon.framework/Versions/A/Frameworks/Print.framework/Versions/A/Print
0x0000000000082000 	/System/Library/Frameworks/Carbon.framework/Versions/A/Frameworks/SecurityHI.framework/Versions/A/SecurityHI
0x0000000122492000 	/Library/Internet Plug-Ins/JavaAppletPlugin.plugin/Contents/Home/lib/libosx.dylib
0x00000001224a0000 	/Library/Internet Plug-Ins/JavaAppletPlugin.plugin/Contents/Home/lib/./libosxapp.dylib
0x0000000000082000 	/System/Library/Frameworks/ExceptionHandling.framework/Versions/A/ExceptionHandling
0x0000000122605000 	/Library/Internet Plug-Ins/JavaAppletPlugin.plugin/Contents/Home/lib/libawt.dylib
0x00000001226ad000 	/Library/Internet Plug-Ins/JavaAppletPlugin.plugin/Contents/Home/lib/./libmlib_image.dylib
0x0000000122779000 	/Library/Internet Plug-Ins/JavaAppletPlugin.plugin/Contents/Home/lib/libawt_lwawt.dylib
0x0000000000082000 	/System/Library/PrivateFrameworks/CoreServicesInternal.framework/Versions/A/CoreServicesInternal
0x0000000000082000 	/System/Library/PrivateFrameworks/CloudDocs.framework/Versions/A/CloudDocs
0x0000000000082000 	/System/Library/PrivateFrameworks/CoreDuet.framework/Versions/A/CoreDuet
0x0000000000082000 	/System/Library/Frameworks/CloudKit.framework/Versions/A/CloudKit
0x0000000000082000 	/System/Library/PrivateFrameworks/ProtocolBuffer.framework/Versions/A/ProtocolBuffer
0x0000000000082000 	/System/Library/PrivateFrameworks/CoreDuetDaemonProtocol.framework/Versions/A/CoreDuetDaemonProtocol
0x0000000000082000 	/System/Library/PrivateFrameworks/CoreDuetDebugLogging.framework/Versions/A/CoreDuetDebugLogging
0x0000000000082000 	/System/Library/PrivateFrameworks/MMCS.framework/Versions/A/MMCS
0x0000000000082000 	/System/Library/Frameworks/CoreLocation.framework/Versions/A/CoreLocation
0x0000000000082000 	/System/Library/PrivateFrameworks/ProtectedCloudStorage.framework/Versions/A/ProtectedCloudStorage
0x0000000000082000 	/System/Library/PrivateFrameworks/GeoServices.framework/Versions/A/GeoServices
0x0000000000082000 	/System/Library/Frameworks/CoreGraphics.framework/Versions/A/Resources/libCGCMS.A.dylib
0x0000000000082000 	/System/Library/Frameworks/CoreGraphics.framework/Versions/A/Resources/libRIP.A.dylib
0x0000000000082000 	/System/Library/Frameworks/CoreGraphics.framework/Versions/A/Resources/libCGXType.A.dylib
0x0000000000082000 	/System/Library/Frameworks/OpenCL.framework/Versions/A/Libraries/libcldcpuengine.dylib
0x0000000000082000 	/System/Library/PrivateFrameworks/DiskImages.framework/Versions/A/DiskImages
0x0000000000082000 	/System/Library/Frameworks/DiscRecording.framework/Versions/A/DiscRecording
0x0000000000082000 	/usr/lib/libcsfde.dylib
0x0000000000082000 	/usr/lib/libcurl.4.dylib
0x0000000000082000 	/System/Library/PrivateFrameworks/MediaKit.framework/Versions/A/MediaKit
0x0000000000082000 	/usr/lib/libCoreStorage.dylib
0x0000000000082000 	/System/Library/PrivateFrameworks/EFILogin.framework/Versions/A/EFILogin
0x0000000000082000 	/usr/lib/libutil.dylib
0x0000000000082000 	/System/Library/PrivateFrameworks/FindMyDevice.framework/Versions/A/FindMyDevice
0x0000000000082000 	/System/Library/Frameworks/LDAP.framework/Versions/A/LDAP
0x0000000000082000 	/usr/lib/libsasl2.2.dylib
0x0000000000082000 	/System/Library/PrivateFrameworks/CoreDaemon.framework/Versions/B/CoreDaemon
0x0000000000082000 	/usr/lib/libcrypto.0.9.8.dylib
0x0000000000082000 	/System/Library/PrivateFrameworks/AppleSRP.framework/Versions/A/AppleSRP
0x0000000000082000 	/System/Library/PrivateFrameworks/TrustEvaluationAgent.framework/Versions/A/TrustEvaluationAgent
0x0000000125a73000 	cl_kernels
0x0000000125a75000 	/System/Library/Frameworks/OpenCL.framework/Versions/A/Libraries/ImageFormats/unorm8_bgra.dylib
0x0000000125a65000 	cl_kernels
0x0000000000082000 	/System/Library/PrivateFrameworks/FamilyControls.framework/Versions/A/FamilyControls
0x0000000000082000 	/System/Library/PrivateFrameworks/CommerceKit.framework/Versions/A/Frameworks/CommerceCore.framework/Versions/A/CommerceCore
0x0000000000082000 	/System/Library/PrivateFrameworks/SystemAdministration.framework/Versions/A/SystemAdministration
0x0000000000082000 	/System/Library/PrivateFrameworks/AppContainer.framework/Versions/A/AppContainer
0x0000000000082000 	/System/Library/PrivateFrameworks/SecCodeWrapper.framework/Versions/A/SecCodeWrapper
0x0000000000082000 	/System/Library/Frameworks/DirectoryService.framework/Versions/A/DirectoryService
0x0000000000082000 	/System/Library/PrivateFrameworks/LoginUIKit.framework/Versions/A/Frameworks/LoginUICore.framework/Versions/A/LoginUICore
0x0000000000082000 	/usr/lib/libodfde.dylib
0x0000000000082000 	/System/Library/Frameworks/OpenGL.framework/Versions/A/Resources/GLEngine.bundle/GLEngine
0x0000000000082000 	/System/Library/Frameworks/OpenGL.framework/Versions/A/Libraries/libGLProgrammability.dylib
0x0000000126fbc000 	/System/Library/Extensions/AppleIntelHD5000GraphicsGLDriver.bundle/Contents/MacOS/AppleIntelHD5000GraphicsGLDriver
0x0000000000082000 	/System/Library/PrivateFrameworks/IOAccelerator.framework/Versions/A/IOAccelerator
0x0000000000082000 	/System/Library/PrivateFrameworks/GPUSupport.framework/Versions/A/Libraries/libGPUSupportMercury.dylib
0x0000000000082000 	/System/Library/Frameworks/OpenGL.framework/Versions/A/Resources/GLRendererFloat.bundle/GLRendererFloat
0x0000000128026000 	/Library/Internet Plug-Ins/JavaAppletPlugin.plugin/Contents/Home/lib/libfontmanager.dylib
0x000000012808d000 	/Library/Internet Plug-Ins/JavaAppletPlugin.plugin/Contents/Home/lib/libosxui.dylib
0x0000000128c9d000 	/Library/Internet Plug-Ins/JavaAppletPlugin.plugin/Contents/Home/lib/libjpeg.dylib
0x0000000128fa8000 	/Library/Internet Plug-Ins/JavaAppletPlugin.plugin/Contents/Home/lib/libnet.dylib
0x0000000128fbf000 	/Library/Internet Plug-Ins/JavaAppletPlugin.plugin/Contents/Home/lib/libnio.dylib
0x0000000000082000 	/System/Library/Frameworks/ApplicationServices.framework/Versions/A/Frameworks/ATS.framework/Versions/A/Resources/libTrueTypeScaler.dylib
0x000000018344c000 	/Library/Internet Plug-Ins/JavaAppletPlugin.plugin/Contents/Home/lib/libdcpr.dylib
0x0000000000082000 	/System/Library/Frameworks/Accelerate.framework/Versions/A/Frameworks/vImage.framework/Versions/A/Libraries/libCGInterfaces.dylib

VM Arguments:
java_command: /Users/luiz/Documents/cic/oac/lamar/code/Mars4_5.jar
java_class_path (initial): /Users/luiz/Documents/cic/oac/lamar/code/Mars4_5.jar
Launcher Type: SUN_STANDARD

Environment Variables:
PATH=/usr/bin:/bin:/usr/sbin:/sbin
SHELL=/bin/bash
DISPLAY=/private/tmp/com.apple.launchd.ggMwDOpBLt/org.macosforge.xquartz:0

Signal Handlers:
SIGSEGV: [libjvm.dylib+0x5a97a1], sa_mask[0]=11111111011111110111111111111111, sa_flags=SA_ONSTACK|SA_RESTART|SA_SIGINFO
SIGBUS: [libjvm.dylib+0x5a97a1], sa_mask[0]=11111111011111110111111111111111, sa_flags=SA_RESTART|SA_SIGINFO
SIGFPE: [libjvm.dylib+0x482594], sa_mask[0]=11111111011111110111111111111111, sa_flags=SA_RESTART|SA_SIGINFO
SIGPIPE: [libjvm.dylib+0x482594], sa_mask[0]=11111111011111110111111111111111, sa_flags=SA_RESTART|SA_SIGINFO
SIGXFSZ: [libjvm.dylib+0x482594], sa_mask[0]=11111111011111110111111111111111, sa_flags=SA_RESTART|SA_SIGINFO
SIGILL: [libjvm.dylib+0x482594], sa_mask[0]=11111111011111110111111111111111, sa_flags=SA_RESTART|SA_SIGINFO
SIGUSR1: SIG_DFL, sa_mask[0]=00000000000000000000000000000000, sa_flags=none
SIGUSR2: [libjvm.dylib+0x4820b2], sa_mask[0]=00000000000000000000000000000000, sa_flags=SA_RESTART|SA_SIGINFO
SIGHUP: [libjvm.dylib+0x480689], sa_mask[0]=11111111011111110111111111111111, sa_flags=SA_RESTART|SA_SIGINFO
SIGINT: [libjvm.dylib+0x480689], sa_mask[0]=11111111011111110111111111111111, sa_flags=SA_RESTART|SA_SIGINFO
SIGTERM: [libjvm.dylib+0x480689], sa_mask[0]=11111111011111110111111111111111, sa_flags=SA_RESTART|SA_SIGINFO
SIGQUIT: [libjvm.dylib+0x480689], sa_mask[0]=11111111011111110111111111111111, sa_flags=SA_RESTART|SA_SIGINFO


---------------  S Y S T E M  ---------------

OS:Bsduname:Darwin 14.5.0 Darwin Kernel Version 14.5.0: Wed Jul 29 02:26:53 PDT 2015; root:xnu-2782.40.9~1/RELEASE_X86_64 x86_64
rlimit: STACK 8192k, CORE 0k, NPROC 709, NOFILE 10240, AS infinity
load average:2.30 2.23 2.11

CPU:total 8 (4 cores per cpu, 2 threads per core) family 6 model 70 stepping 1, cmov, cx8, fxsr, mmx, sse, sse2, sse3, ssse3, sse4.1, sse4.2, popcnt, avx, avx2, aes, clmul, erms, lzcnt, ht, tsc, tscinvbit, bmi1, bmi2

Memory: 4k page, physical 16777216k(3314928k free)

/proc/meminfo:


vm_info: Java HotSpot(TM) 64-Bit Server VM (25.91-b14) for bsd-amd64 JRE (1.8.0_91-b14), built on Apr  1 2016 01:03:00 by "java_re" with gcc 4.2.1 (Based on Apple Inc. build 5658) (LLVM build 2336.11.00)

time: Fri Aug 12 15:13:52 2016
elapsed time: 677 seconds (0d 0h 11m 17s)

