#
# A fatal error has been detected by the Java Runtime Environment:
#
#  SIGILL (0x4) at pc=0x00007fff89d502ea, pid=98666, tid=59395
#
# JRE version: Java(TM) SE Runtime Environment (8.0_91-b14) (build 1.8.0_91-b14)
# Java VM: Java HotSpot(TM) 64-Bit Server VM (25.91-b14 mixed mode bsd-amd64 compressed oops)
# Problematic frame:
# C  [libobjc.A.dylib+0x122ea]  _objc_trap()+0x0
#
# Failed to write core dump. Core dumps have been disabled. To enable core dumping, try "ulimit -c unlimited" before starting Java again
#
# If you would like to submit a bug report, please visit:
#   http://bugreport.java.com/bugreport/crash.jsp
# The crash happened outside the Java Virtual Machine in native code.
# See problematic frame for where to report the bug.
#

---------------  T H R E A D  ---------------

Current thread (0x00007fb722ca5000):  JavaThread "AWT-EventQueue-0" [_thread_in_native, id=59395, stack(0x000000018cb79000,0x000000018cc79000)]

siginfo: si_signo: 4 (SIGILL), si_code: 1 (ILL_ILLOPC), si_addr: 0x00007fff89d502ea

Registers:
RAX=0x0000000000000000, RBX=0x00007fb728902b80, RCX=0x0000000000000000, RDX=0x00007fff74ec91e0
RSP=0x000000018cc723f8, RBP=0x000000018cc724e0, RSI=0x0000010000000100, RDI=0x0000000000000103
R8 =0x000000018cc723a0, R9 =0x00000000fffff000, R10=0x0000000000000000, R11=0xffffffffffff69f0
R12=0x00007fff76980070, R13=0x00007fff74ed2e80, R14=0x00007fff74ed4528, R15=0x00007fb7288664b8
RIP=0x00007fff89d502ea, EFLAGS=0x0000000000010202, ERR=0x0000000000000000
  TRAPNO=0x0000000000000006

Top of Stack: (sp=0x000000018cc723f8)
0x000000018cc723f8:   00007fff89d5042a 00007fff744e47e8
0x000000018cc72408:   00007fb728902b80 00007fff85dbf36f
0x000000018cc72418:   00007fff85dbf36f 0000000000000054
0x000000018cc72428:   00007fb728902b80 0000000000000110
0x000000018cc72438:   0000000000000000 000000018cc724a0
0x000000018cc72448:   00007fff89d53da1 00007fff74ed4510
0x000000018cc72458:   00007fff76980070 000000018cc724c0
0x000000018cc72468:   00007fb7288664b8 000000018cc724a0
0x000000018cc72478:   00007fff85dbf36f 00007fff85dbf36f
0x000000018cc72488:   0000000000000000 00007fff746b02c8
0x000000018cc72498:   00007fb7288664b8 000000018cc724e0
0x000000018cc724a8:   00007fff89d555ad 00007fb72b84a410
0x000000018cc724b8:   00007fb728930f50 0000003000000018
0x000000018cc724c8:   000000018cc724f0 000000018cc72400
0x000000018cc724d8:   00007fb7288664b8 000000018cc72550
0x000000018cc724e8:   00007fff89d47c87 402c000000000000
0x000000018cc724f8:   4048000000000000 0000000000000000
0x000000018cc72508:   402c000000000000 4048000000000000
0x000000018cc72518:   0000000000000000 d60054811c7bc3e7
0x000000018cc72528:   00007fff74ed2e80 0000000000000000
0x000000018cc72538:   00007fff74ed2e80 00007fb7288664b8
0x000000018cc72548:   00007fff74ed4500 000000018cc725b0
0x000000018cc72558:   00007fff89d47ac7 0000000000001690
0x000000018cc72568:   00007fb728902b80 0000000000001680
0x000000018cc72578:   00007fb7288664b8 0000000000000000
0x000000018cc72588:   0000000000000000 0000000000000000
0x000000018cc72598:   0000003000000034 00007fb728902b80
0x000000018cc725a8:   00007fb728866480 000000018cc72690
0x000000018cc725b8:   00007fff85d5683a 0000000000001000
0x000000018cc725c8:   000000010cbd9a00 402c000000000000
0x000000018cc725d8:   0000000000000080 0000000000000000
0x000000018cc725e8:   000000010cbd6000 0000000000000001 

Instructions: (pc=0x00007fff89d502ea)
0x00007fff89d502ca:   c0 44 89 f2 e8 1f 08 01 00 48 8b 7d e0 e8 30 cc
0x00007fff89d502da:   ff ff 48 8b 7d e0 e8 d3 15 ff ff e8 00 00 00 00
0x00007fff89d502ea:   0f 0b 55 48 89 e5 48 81 ec d0 00 00 00 84 c0 74
0x00007fff89d502fa:   26 0f 29 85 60 ff ff ff 0f 29 8d 70 ff ff ff 0f 

Register to memory mapping:

RAX=0x0000000000000000 is an unknown value
RBX=0x00007fb728902b80 is an unknown value
RCX=0x0000000000000000 is an unknown value
RDX=0x00007fff74ec91e0: _ZZL14_objc_crashlogPKcE13crashlog_lock+0x20 in /usr/lib/libobjc.A.dylib at 0x00007fff89d3e000
RSP=0x000000018cc723f8 is pointing into the stack for thread: 0x00007fb722ca5000
RBP=0x000000018cc724e0 is pointing into the stack for thread: 0x00007fb722ca5000
RSI=0x0000010000000100 is an unknown value
RDI=0x0000000000000103 is an unknown value
R8 =0x000000018cc723a0 is pointing into the stack for thread: 0x00007fb722ca5000
R9 =0x00000000fffff000 is an unknown value
R10=0x0000000000000000 is an unknown value
R11=0xffffffffffff69f0 is an unknown value
R12=0x00007fff76980070: __stack_chk_guard+0 in /usr/lib/system/libsystem_c.dylib at 0x00007fff93d85000
R13=0x00007fff74ed2e80: _ZN12_GLOBAL__N_19SideTable9table_bufE+0 in /usr/lib/libobjc.A.dylib at 0x00007fff89d3e000
R14=0x00007fff74ed4528: _ZN12_GLOBAL__N_19SideTable9table_bufE+0x16a8 in /usr/lib/libobjc.A.dylib at 0x00007fff89d3e000
R15=0x00007fb7288664b8 is an unknown value


Stack: [0x000000018cb79000,0x000000018cc79000],  sp=0x000000018cc723f8,  free space=996k
Native frames: (J=compiled Java code, j=interpreted, Vv=VM code, C=native code)
C  [libobjc.A.dylib+0x122ea]  _objc_trap()+0x0
C  [libobjc.A.dylib+0x9c87]  class_getMethodImplementation+0x0
C  [libobjc.A.dylib+0x9ac7]  objc_storeWeak+0xe9
C  [CoreUI+0xb683a]  csiCompressImageProviderCopyImageBlockSetWithOptions+0x3f0
C  [CoreGraphics+0x3518e]  img_blocks_create+0x1c0
C  [CoreGraphics+0x240f5]  img_data_lock+0x750
C  [CoreGraphics+0x22a1e]  CGSImageDataLock+0x97
C  [libRIP.A.dylib+0xda52]  ripc_AcquireImage+0x38a
C  [libRIP.A.dylib+0x15b73]  ripc_DrawImages+0x8a1
C  [CoreGraphics+0x6afdb]  CGContextDrawImages+0xc0
C  [CoreUI+0x99667]  DrawThreePartImageWithOperation+0xa00
C  [CoreUI+0x98c58]  DrawThreePartElementFromRenditionWithOperation+0xe9
C  [CoreUI+0x9f2ba]  -[CUIThemeFacet drawSegmentInFrame:isFocused:segmentType:context:]+0x130
C  [CoreUI+0x37cc8]  CUICoreThemeRenderer::DrawSegmentOrTab(CUIDescriptor const*, long, long)+0x702
C  [CoreUI+0x35f90]  CUICoreThemeRenderer::Draw(CUIDescriptor const*, CGAffineTransform, CUIReturnInfo&)+0x27c
C  [CoreUI+0x9391]  CUIRenderer::Draw(CGRect, CGContext*, __CFDictionary const*, __CFDictionary const**)+0x8e3
C  [CoreUI+0x45d6e]  CUIDraw+0xd9
C  [JavaRuntimeSupport+0x3cec]  -[_JRSYosemiteAndLaterRenderer draw:inContext:withBounds:]+0x144
C  [JavaRuntimeSupport+0x3866]  JRSUIControlDraw+0x3d
C  [libosxui.dylib+0x2628]  doPaintImage+0x15e
C  [libosxui.dylib+0x279c]  Java_apple_laf_JRSUIControl_paintImage+0x27
J 2382  apple.laf.JRSUIControl.paintImage([IIIJJJDDDD)I (0 bytes) @ 0x000000010f582a66 [0x000000010f582940+0x126]
J 5083 C2 apple.laf.JRSUIControl.paintImage([IIIDDDD)I (222 bytes) @ 0x000000010fcd79e4 [0x000000010fcd7900+0xe4]
J 4105 C2 sun.awt.image.MultiResolutionCachedImage.getResolutionVariant(II)Ljava/awt/Image; (71 bytes) @ 0x000000010f0a9a70 [0x000000010f0a95e0+0x490]
J 4706 C2 sun.java2d.SunGraphics2D.drawHiDPIImage(Ljava/awt/Image;IIIIIIIILjava/awt/Color;Ljava/awt/image/ImageObserver;)Z (355 bytes) @ 0x000000010fc0d24c [0x000000010fc0ce00+0x44c]
J 4803 C2 sun.java2d.SunGraphics2D.drawImage(Ljava/awt/Image;IIIILjava/awt/image/ImageObserver;)Z (15 bytes) @ 0x000000010f6b6584 [0x000000010f6b6300+0x284]
J 6751 C2 com.apple.laf.AquaPainter.paint(Ljava/awt/Graphics;Ljava/awt/Component;IIII)V (50 bytes) @ 0x00000001100e95f0 [0x00000001100e8e80+0x770]
J 5049 C1 com.apple.laf.AquaTabbedPaneUI.paintCUITab(Ljava/awt/Graphics;ILjava/awt/Rectangle;ZZZI)V (400 bytes) @ 0x000000010fcc0dd4 [0x000000010fcbf660+0x1774]
J 4735 C1 com.apple.laf.AquaTabbedPaneUI.paintTabNormalFromRect(Ljava/awt/Graphics;ILjava/awt/Rectangle;ILjava/awt/Rectangle;Ljava/awt/Rectangle;ZZZ)V (68 bytes) @ 0x000000010f66bd04 [0x000000010f66ba20+0x2e4]
J 5877 C1 com.apple.laf.AquaTabbedPaneUI.paintAllTabs(Ljava/awt/Graphics;Ljava/awt/Rectangle;IIZZZ)V (97 bytes) @ 0x000000010f6c7e44 [0x000000010f6c7660+0x7e4]
J 5471 C1 com.apple.laf.AquaTabbedPaneUI.paint(Ljava/awt/Graphics;Ljavax/swing/JComponent;)V (141 bytes) @ 0x000000010fdfa0ec [0x000000010fdf8ec0+0x122c]
J 4327 C2 javax.swing.plaf.ComponentUI.update(Ljava/awt/Graphics;Ljavax/swing/JComponent;)V (36 bytes) @ 0x000000010f7c1938 [0x000000010f7c1700+0x238]
J 4301 C2 javax.swing.JComponent.paintComponent(Ljava/awt/Graphics;)V (44 bytes) @ 0x000000010efd4900 [0x000000010efd4700+0x200]
J 4223 C2 javax.swing.JComponent.paint(Ljava/awt/Graphics;)V (409 bytes) @ 0x000000010fb33028 [0x000000010fb325e0+0xa48]
J 4221 C2 javax.swing.JComponent.paintChildren(Ljava/awt/Graphics;)V (669 bytes) @ 0x000000010fb3c918 [0x000000010fb3c1c0+0x758]
J 4223 C2 javax.swing.JComponent.paint(Ljava/awt/Graphics;)V (409 bytes) @ 0x000000010fb33060 [0x000000010fb325e0+0xa80]
J 4221 C2 javax.swing.JComponent.paintChildren(Ljava/awt/Graphics;)V (669 bytes) @ 0x000000010fb3c918 [0x000000010fb3c1c0+0x758]
J 5304 C1 javax.swing.JSplitPane.paintChildren(Ljava/awt/Graphics;)V (30 bytes) @ 0x000000010fd5fe54 [0x000000010fd5fdc0+0x94]
J 4223 C2 javax.swing.JComponent.paint(Ljava/awt/Graphics;)V (409 bytes) @ 0x000000010fb33060 [0x000000010fb325e0+0xa80]
J 5516 C2 javax.swing.RepaintManager.paint(Ljavax/swing/JComponent;Ljavax/swing/JComponent;Ljava/awt/Graphics;IIII)V (93 bytes) @ 0x000000010fe33610 [0x000000010fe30d20+0x28f0]
J 5545 C2 javax.swing.JComponent._paintImmediately(IIII)V (891 bytes) @ 0x000000010fc962f8 [0x000000010fc95880+0xa78]
J 5439 C2 javax.swing.JComponent.paintImmediately(IIII)V (155 bytes) @ 0x000000010f744ca0 [0x000000010f744a80+0x220]
J 5502 C2 javax.swing.RepaintManager$4.run()Ljava/lang/Object; (5 bytes) @ 0x000000010fe17ac0 [0x000000010fe178c0+0x200]
v  ~StubRoutines::call_stub
V  [libjvm.dylib+0x2ec1e6]  JavaCalls::call_helper(JavaValue*, methodHandle*, JavaCallArguments*, Thread*)+0x6ae
V  [libjvm.dylib+0x34c8e0]  JVM_DoPrivileged+0x4b8
J 1460  java.security.AccessController.doPrivileged(Ljava/security/PrivilegedAction;Ljava/security/AccessControlContext;)Ljava/lang/Object; (0 bytes) @ 0x000000010f300b55 [0x000000010f300a80+0xd5]
J 5500 C2 javax.swing.RepaintManager.paintDirtyRegions(Ljava/util/Map;)V (196 bytes) @ 0x000000010fe1a96c [0x000000010fe1a180+0x7ec]
J 5521 C2 javax.swing.RepaintManager$ProcessingRunnable.run()V (41 bytes) @ 0x000000010fe4053c [0x000000010fe401c0+0x37c]
J 6667 C2 java.awt.event.InvocationEvent.dispatch()V (69 bytes) @ 0x000000010fbf1514 [0x000000010fbf14c0+0x54]
J 4190 C2 java.awt.EventQueue.dispatchEventImpl(Ljava/awt/AWTEvent;Ljava/lang/Object;)V (149 bytes) @ 0x000000010faf71a0 [0x000000010faf6f20+0x280]
J 4404 C2 java.awt.EventQueue$3.run()Ljava/lang/Object; (5 bytes) @ 0x000000010f346dec [0x000000010f346d80+0x6c]
v  ~StubRoutines::call_stub
V  [libjvm.dylib+0x2ec1e6]  JavaCalls::call_helper(JavaValue*, methodHandle*, JavaCallArguments*, Thread*)+0x6ae
V  [libjvm.dylib+0x34c8e0]  JVM_DoPrivileged+0x4b8
J 1460  java.security.AccessController.doPrivileged(Ljava/security/PrivilegedAction;Ljava/security/AccessControlContext;)Ljava/lang/Object; (0 bytes) @ 0x000000010f300b55 [0x000000010f300a80+0xd5]
J 4231 C2 java.awt.EventDispatchThread.pumpOneEventForFilters(I)V (295 bytes) @ 0x000000010fb4d098 [0x000000010fb4c000+0x1098]
J 6561% C2 java.awt.EventDispatchThread.pumpEventsForFilter(ILjava/awt/Conditional;Ljava/awt/EventFilter;)V (47 bytes) @ 0x000000010f8e04bc [0x000000010f8e03c0+0xfc]
j  java.awt.EventDispatchThread.pumpEventsForHierarchy(ILjava/awt/Conditional;Ljava/awt/Component;)V+11
j  java.awt.EventDispatchThread.pumpEvents(ILjava/awt/Conditional;)V+4
j  java.awt.EventDispatchThread.pumpEvents(Ljava/awt/Conditional;)V+3
j  java.awt.EventDispatchThread.run()V+9
v  ~StubRoutines::call_stub
V  [libjvm.dylib+0x2ec1e6]  JavaCalls::call_helper(JavaValue*, methodHandle*, JavaCallArguments*, Thread*)+0x6ae
V  [libjvm.dylib+0x2ec974]  JavaCalls::call_virtual(JavaValue*, KlassHandle, Symbol*, Symbol*, JavaCallArguments*, Thread*)+0x164
V  [libjvm.dylib+0x2ecb20]  JavaCalls::call_virtual(JavaValue*, Handle, KlassHandle, Symbol*, Symbol*, Thread*)+0x4a
V  [libjvm.dylib+0x34726d]  thread_entry(JavaThread*, Thread*)+0x7c
V  [libjvm.dylib+0x563d17]  JavaThread::thread_main_inner()+0x9b
V  [libjvm.dylib+0x565412]  JavaThread::run()+0x1c2
V  [libjvm.dylib+0x484f82]  java_start(Thread*)+0xf6
C  [libsystem_pthread.dylib+0x405a]  _pthread_body+0x83
C  [libsystem_pthread.dylib+0x3fd7]  _pthread_body+0x0
C  [libsystem_pthread.dylib+0x13ed]  thread_start+0xd
C  0x0000000000000000

Java frames: (J=compiled Java code, j=interpreted, Vv=VM code)
J 2382  apple.laf.JRSUIControl.paintImage([IIIJJJDDDD)I (0 bytes) @ 0x000000010f5829a4 [0x000000010f582940+0x64]
J 5083 C2 apple.laf.JRSUIControl.paintImage([IIIDDDD)I (222 bytes) @ 0x000000010fcd79e4 [0x000000010fcd7900+0xe4]
J 4105 C2 sun.awt.image.MultiResolutionCachedImage.getResolutionVariant(II)Ljava/awt/Image; (71 bytes) @ 0x000000010f0a9a70 [0x000000010f0a95e0+0x490]
J 4706 C2 sun.java2d.SunGraphics2D.drawHiDPIImage(Ljava/awt/Image;IIIIIIIILjava/awt/Color;Ljava/awt/image/ImageObserver;)Z (355 bytes) @ 0x000000010fc0d24c [0x000000010fc0ce00+0x44c]
J 4803 C2 sun.java2d.SunGraphics2D.drawImage(Ljava/awt/Image;IIIILjava/awt/image/ImageObserver;)Z (15 bytes) @ 0x000000010f6b6584 [0x000000010f6b6300+0x284]
J 6751 C2 com.apple.laf.AquaPainter.paint(Ljava/awt/Graphics;Ljava/awt/Component;IIII)V (50 bytes) @ 0x00000001100e95f0 [0x00000001100e8e80+0x770]
J 5049 C1 com.apple.laf.AquaTabbedPaneUI.paintCUITab(Ljava/awt/Graphics;ILjava/awt/Rectangle;ZZZI)V (400 bytes) @ 0x000000010fcc0dd4 [0x000000010fcbf660+0x1774]
J 4735 C1 com.apple.laf.AquaTabbedPaneUI.paintTabNormalFromRect(Ljava/awt/Graphics;ILjava/awt/Rectangle;ILjava/awt/Rectangle;Ljava/awt/Rectangle;ZZZ)V (68 bytes) @ 0x000000010f66bd04 [0x000000010f66ba20+0x2e4]
J 5877 C1 com.apple.laf.AquaTabbedPaneUI.paintAllTabs(Ljava/awt/Graphics;Ljava/awt/Rectangle;IIZZZ)V (97 bytes) @ 0x000000010f6c7e44 [0x000000010f6c7660+0x7e4]
J 5471 C1 com.apple.laf.AquaTabbedPaneUI.paint(Ljava/awt/Graphics;Ljavax/swing/JComponent;)V (141 bytes) @ 0x000000010fdfa0ec [0x000000010fdf8ec0+0x122c]
J 4327 C2 javax.swing.plaf.ComponentUI.update(Ljava/awt/Graphics;Ljavax/swing/JComponent;)V (36 bytes) @ 0x000000010f7c1938 [0x000000010f7c1700+0x238]
J 4301 C2 javax.swing.JComponent.paintComponent(Ljava/awt/Graphics;)V (44 bytes) @ 0x000000010efd4900 [0x000000010efd4700+0x200]
J 4223 C2 javax.swing.JComponent.paint(Ljava/awt/Graphics;)V (409 bytes) @ 0x000000010fb33028 [0x000000010fb325e0+0xa48]
J 4221 C2 javax.swing.JComponent.paintChildren(Ljava/awt/Graphics;)V (669 bytes) @ 0x000000010fb3c918 [0x000000010fb3c1c0+0x758]
J 4223 C2 javax.swing.JComponent.paint(Ljava/awt/Graphics;)V (409 bytes) @ 0x000000010fb33060 [0x000000010fb325e0+0xa80]
J 4221 C2 javax.swing.JComponent.paintChildren(Ljava/awt/Graphics;)V (669 bytes) @ 0x000000010fb3c918 [0x000000010fb3c1c0+0x758]
J 5304 C1 javax.swing.JSplitPane.paintChildren(Ljava/awt/Graphics;)V (30 bytes) @ 0x000000010fd5fe54 [0x000000010fd5fdc0+0x94]
J 4223 C2 javax.swing.JComponent.paint(Ljava/awt/Graphics;)V (409 bytes) @ 0x000000010fb33060 [0x000000010fb325e0+0xa80]
J 5516 C2 javax.swing.RepaintManager.paint(Ljavax/swing/JComponent;Ljavax/swing/JComponent;Ljava/awt/Graphics;IIII)V (93 bytes) @ 0x000000010fe33610 [0x000000010fe30d20+0x28f0]
J 5545 C2 javax.swing.JComponent._paintImmediately(IIII)V (891 bytes) @ 0x000000010fc962f8 [0x000000010fc95880+0xa78]
J 5439 C2 javax.swing.JComponent.paintImmediately(IIII)V (155 bytes) @ 0x000000010f744ca0 [0x000000010f744a80+0x220]
J 5502 C2 javax.swing.RepaintManager$4.run()Ljava/lang/Object; (5 bytes) @ 0x000000010fe17ac0 [0x000000010fe178c0+0x200]
v  ~StubRoutines::call_stub
J 1460  java.security.AccessController.doPrivileged(Ljava/security/PrivilegedAction;Ljava/security/AccessControlContext;)Ljava/lang/Object; (0 bytes) @ 0x000000010f300ae3 [0x000000010f300a80+0x63]
J 5500 C2 javax.swing.RepaintManager.paintDirtyRegions(Ljava/util/Map;)V (196 bytes) @ 0x000000010fe1a96c [0x000000010fe1a180+0x7ec]
J 5521 C2 javax.swing.RepaintManager$ProcessingRunnable.run()V (41 bytes) @ 0x000000010fe4053c [0x000000010fe401c0+0x37c]
J 6667 C2 java.awt.event.InvocationEvent.dispatch()V (69 bytes) @ 0x000000010fbf1514 [0x000000010fbf14c0+0x54]
J 4190 C2 java.awt.EventQueue.dispatchEventImpl(Ljava/awt/AWTEvent;Ljava/lang/Object;)V (149 bytes) @ 0x000000010faf71a0 [0x000000010faf6f20+0x280]
J 4404 C2 java.awt.EventQueue$3.run()Ljava/lang/Object; (5 bytes) @ 0x000000010f346dec [0x000000010f346d80+0x6c]
v  ~StubRoutines::call_stub
J 1460  java.security.AccessController.doPrivileged(Ljava/security/PrivilegedAction;Ljava/security/AccessControlContext;)Ljava/lang/Object; (0 bytes) @ 0x000000010f300ae3 [0x000000010f300a80+0x63]
J 4231 C2 java.awt.EventDispatchThread.pumpOneEventForFilters(I)V (295 bytes) @ 0x000000010fb4d098 [0x000000010fb4c000+0x1098]
J 6561% C2 java.awt.EventDispatchThread.pumpEventsForFilter(ILjava/awt/Conditional;Ljava/awt/EventFilter;)V (47 bytes) @ 0x000000010f8e04bc [0x000000010f8e03c0+0xfc]
j  java.awt.EventDispatchThread.pumpEventsForHierarchy(ILjava/awt/Conditional;Ljava/awt/Component;)V+11
j  java.awt.EventDispatchThread.pumpEvents(ILjava/awt/Conditional;)V+4
j  java.awt.EventDispatchThread.pumpEvents(Ljava/awt/Conditional;)V+3
j  java.awt.EventDispatchThread.run()V+9
v  ~StubRoutines::call_stub

---------------  P R O C E S S  ---------------

Java Threads: ( => current thread )
  0x00007fb722cde000 JavaThread "TimerQueue" daemon [_thread_blocked, id=63495, stack(0x000000018df5a000,0x000000018e05a000)]
  0x00007fb723bc1800 JavaThread "DestroyJavaVM" [_thread_blocked, id=4867, stack(0x000000010ed95000,0x000000010ee95000)]
=>0x00007fb722ca5000 JavaThread "AWT-EventQueue-0" [_thread_in_native, id=59395, stack(0x000000018cb79000,0x000000018cc79000)]
  0x00007fb72394d000 JavaThread "Java2D Disposer" daemon [_thread_blocked, id=55575, stack(0x0000000132a28000,0x0000000132b28000)]
  0x00007fb722a4a800 JavaThread "Java2D Queue Flusher" daemon [_thread_blocked, id=54023, stack(0x00000001319fe000,0x0000000131afe000)]
  0x00007fb72397c800 JavaThread "AWT-Shutdown" [_thread_blocked, id=31507, stack(0x000000012eadf000,0x000000012ebdf000)]
  0x00007fb7238a6000 JavaThread "AppKit Thread" daemon [_thread_in_native, id=1299, stack(0x00007fff52845000,0x00007fff53045000)]
  0x00007fb72394e800 JavaThread "Timer-0" daemon [_thread_blocked, id=21763, stack(0x000000012cf73000,0x000000012d073000)]
  0x00007fb723810800 JavaThread "Service Thread" daemon [_thread_blocked, id=20739, stack(0x000000012c7d9000,0x000000012c8d9000)]
  0x00007fb724812000 JavaThread "C1 CompilerThread3" daemon [_thread_blocked, id=20227, stack(0x000000012c6d6000,0x000000012c7d6000)]
  0x00007fb72380f800 JavaThread "C2 CompilerThread2" daemon [_thread_blocked, id=19715, stack(0x000000012c5d3000,0x000000012c6d3000)]
  0x00007fb724811000 JavaThread "C2 CompilerThread1" daemon [_thread_blocked, id=19203, stack(0x000000012c4d0000,0x000000012c5d0000)]
  0x00007fb722871800 JavaThread "C2 CompilerThread0" daemon [_thread_blocked, id=18691, stack(0x000000012c3cd000,0x000000012c4cd000)]
  0x00007fb72301f000 JavaThread "Signal Dispatcher" daemon [_thread_blocked, id=14615, stack(0x000000012c2ca000,0x000000012c3ca000)]
  0x00007fb722855800 JavaThread "Finalizer" daemon [_thread_blocked, id=13571, stack(0x000000012a8a2000,0x000000012a9a2000)]
  0x00007fb72284d000 JavaThread "Reference Handler" daemon [_thread_blocked, id=13059, stack(0x000000012a79f000,0x000000012a89f000)]

Other Threads:
  0x00007fb722848800 VMThread [stack: 0x000000012a69c000,0x000000012a79c000] [id=12547]
  0x00007fb724834800 WatcherThread [stack: 0x000000012c8dc000,0x000000012c9dc000] [id=21251]

VM state:not at safepoint (normal execution)

VM Mutex/Monitor currently owned by a thread: None

Heap:
 PSYoungGen      total 75776K, used 57102K [0x000000076ab00000, 0x0000000770c80000, 0x00000007c0000000)
  eden space 65536K, 73% used [0x000000076ab00000,0x000000076da14268,0x000000076eb00000)
  from space 10240K, 86% used [0x000000076eb00000,0x000000076f3af968,0x000000076f500000)
  to   space 11264K, 0% used [0x0000000770180000,0x0000000770180000,0x0000000770c80000)
 ParOldGen       total 142336K, used 83825K [0x00000006c0000000, 0x00000006c8b00000, 0x000000076ab00000)
  object space 142336K, 58% used [0x00000006c0000000,0x00000006c51dc7b8,0x00000006c8b00000)
 Metaspace       used 23520K, capacity 23830K, committed 24064K, reserved 1071104K
  class space    used 3153K, capacity 3250K, committed 3328K, reserved 1048576K

Card table byte_map: [0x000000011e257000,0x000000011ea58000] byte_map_base: 0x000000011ac57000

Marking Bits: (ParMarkBitMap*) 0x000000010e6e6eb0
 Begin Bits: [0x000000011f7c6000, 0x00000001237c6000)
 End Bits:   [0x00000001237c6000, 0x00000001277c6000)

Polling page: 0x000000010cd46000

CodeCache: size=245760Kb used=19353Kb max_used=19353Kb free=226406Kb
 bounds [0x000000010ee97000, 0x00000001101a7000, 0x000000011de97000]
 total_blobs=5950 nmethods=5334 adapters=525
 compilation: enabled

Compilation events (10 events):
Event: 8665.490 Thread 0x00007fb724812000 7104       3       java.awt.image.RGBImageFilter::setColorModel (55 bytes)
Event: 8665.491 Thread 0x00007fb724812000 nmethod 7104 0x00000001100d7b10 code [0x00000001100d7ce0, 0x00000001100d85b8]
Event: 8665.491 Thread 0x00007fb724812000 7105       3       sun.java2d.opengl.OGLDrawImage::renderImageXform (159 bytes)
Event: 8665.496 Thread 0x00007fb724812000 nmethod 7105 0x00000001100d3c10 code [0x00000001100d3e00, 0x00000001100d4bd8]
Event: 8665.683 Thread 0x00007fb724812000 7106   !   3       java.io.PrintStream::flush (35 bytes)
Event: 8665.684 Thread 0x00007fb724812000 nmethod 7106 0x00000001100d31d0 code [0x00000001100d3380, 0x00000001100d3918]
Event: 8665.684 Thread 0x00007fb724812000 7107       3       java.io.PrintStream::ensureOpen (18 bytes)
Event: 8665.684 Thread 0x00007fb724812000 nmethod 7107 0x000000010f6f47d0 code [0x000000010f6f4940, 0x000000010f6f4b88]
Event: 8772.882 Thread 0x00007fb724812000 7108       3       sun.awt.KeyboardFocusManagerPeerImpl::deliverFocus (164 bytes)
Event: 8772.885 Thread 0x00007fb724812000 nmethod 7108 0x00000001101a3010 code [0x00000001101a3420, 0x00000001101a58f8]

GC Heap History (10 events):
Event: 8665.332 GC heap before
{Heap before GC invocations=3344 (full 73):
 PSYoungGen      total 52224K, used 50656K [0x000000076ab00000, 0x000000076e300000, 0x00000007c0000000)
  eden space 48128K, 100% used [0x000000076ab00000,0x000000076da00000,0x000000076da00000)
  from space 4096K, 61% used [0x000000076df00000,0x000000076e178000,0x000000076e300000)
  to   space 4608K, 0% used [0x000000076da00000,0x000000076da00000,0x000000076de80000)
 ParOldGen       total 142336K, used 57341K [0x00000006c0000000, 0x00000006c8b00000, 0x000000076ab00000)
  object space 142336K, 40% used [0x00000006c0000000,0x00000006c37ff508,0x00000006c8b00000)
 Metaspace       used 23512K, capacity 23830K, committed 24064K, reserved 1071104K
  class space    used 3153K, capacity 3250K, committed 3328K, reserved 1048576K
Event: 8665.339 GC heap after
Heap after GC invocations=3344 (full 73):
 PSYoungGen      total 52736K, used 3618K [0x000000076ab00000, 0x000000076ec00000, 0x00000007c0000000)
  eden space 48128K, 0% used [0x000000076ab00000,0x000000076ab00000,0x000000076da00000)
  from space 4608K, 78% used [0x000000076da00000,0x000000076dd888e0,0x000000076de80000)
  to   space 5120K, 0% used [0x000000076e700000,0x000000076e700000,0x000000076ec00000)
 ParOldGen       total 142336K, used 70912K [0x00000006c0000000, 0x00000006c8b00000, 0x000000076ab00000)
  object space 142336K, 49% used [0x00000006c0000000,0x00000006c4540138,0x00000006c8b00000)
 Metaspace       used 23512K, capacity 23830K, committed 24064K, reserved 1071104K
  class space    used 3153K, capacity 3250K, committed 3328K, reserved 1048576K
}
Event: 8665.491 GC heap before
{Heap before GC invocations=3345 (full 73):
 PSYoungGen      total 52736K, used 49413K [0x000000076ab00000, 0x000000076ec00000, 0x00000007c0000000)
  eden space 48128K, 95% used [0x000000076ab00000,0x000000076d7b8bc0,0x000000076da00000)
  from space 4608K, 78% used [0x000000076da00000,0x000000076dd888e0,0x000000076de80000)
  to   space 5120K, 0% used [0x000000076e700000,0x000000076e700000,0x000000076ec00000)
 ParOldGen       total 142336K, used 70912K [0x00000006c0000000, 0x00000006c8b00000, 0x000000076ab00000)
  object space 142336K, 49% used [0x00000006c0000000,0x00000006c4540138,0x00000006c8b00000)
 Metaspace       used 23514K, capacity 23830K, committed 24064K, reserved 1071104K
  class space    used 3153K, capacity 3250K, committed 3328K, reserved 1048576K
Event: 8665.494 GC heap after
Heap after GC invocations=3345 (full 73):
 PSYoungGen      total 61440K, used 2353K [0x000000076ab00000, 0x000000076ec00000, 0x00000007c0000000)
  eden space 56320K, 0% used [0x000000076ab00000,0x000000076ab00000,0x000000076e200000)
  from space 5120K, 45% used [0x000000076e700000,0x000000076e94c5a8,0x000000076ec00000)
  to   space 5120K, 0% used [0x000000076e200000,0x000000076e200000,0x000000076e700000)
 ParOldGen       total 142336K, used 70960K [0x00000006c0000000, 0x00000006c8b00000, 0x000000076ab00000)
  object space 142336K, 49% used [0x00000006c0000000,0x00000006c454c138,0x00000006c8b00000)
 Metaspace       used 23514K, capacity 23830K, committed 24064K, reserved 1071104K
  class space    used 3153K, capacity 3250K, committed 3328K, reserved 1048576K
}
Event: 8665.715 GC heap before
{Heap before GC invocations=3346 (full 73):
 PSYoungGen      total 61440K, used 58673K [0x000000076ab00000, 0x000000076ec00000, 0x00000007c0000000)
  eden space 56320K, 100% used [0x000000076ab00000,0x000000076e200000,0x000000076e200000)
  from space 5120K, 45% used [0x000000076e700000,0x000000076e94c5a8,0x000000076ec00000)
  to   space 5120K, 0% used [0x000000076e200000,0x000000076e200000,0x000000076e700000)
 ParOldGen       total 142336K, used 70960K [0x00000006c0000000, 0x00000006c8b00000, 0x000000076ab00000)
  object space 142336K, 49% used [0x00000006c0000000,0x00000006c454c138,0x00000006c8b00000)
 Metaspace       used 23519K, capacity 23830K, committed 24064K, reserved 1071104K
  class space    used 3153K, capacity 3250K, committed 3328K, reserved 1048576K
Event: 8665.725 GC heap after
Heap after GC invocations=3346 (full 73):
 PSYoungGen      total 61440K, used 5099K [0x000000076ab00000, 0x000000076fe00000, 0x00000007c0000000)
  eden space 56320K, 0% used [0x000000076ab00000,0x000000076ab00000,0x000000076e200000)
  from space 5120K, 99% used [0x000000076e200000,0x000000076e6facb0,0x000000076e700000)
  to   space 9216K, 0% used [0x000000076f500000,0x000000076f500000,0x000000076fe00000)
 ParOldGen       total 142336K, used 80526K [0x00000006c0000000, 0x00000006c8b00000, 0x000000076ab00000)
  object space 142336K, 56% used [0x00000006c0000000,0x00000006c4ea38a8,0x00000006c8b00000)
 Metaspace       used 23519K, capacity 23830K, committed 24064K, reserved 1071104K
  class space    used 3153K, capacity 3250K, committed 3328K, reserved 1048576K
}
Event: 8667.431 GC heap before
{Heap before GC invocations=3347 (full 73):
 PSYoungGen      total 61440K, used 60032K [0x000000076ab00000, 0x000000076fe00000, 0x00000007c0000000)
  eden space 56320K, 97% used [0x000000076ab00000,0x000000076e0a53a0,0x000000076e200000)
  from space 5120K, 99% used [0x000000076e200000,0x000000076e6facb0,0x000000076e700000)
  to   space 9216K, 0% used [0x000000076f500000,0x000000076f500000,0x000000076fe00000)
 ParOldGen       total 142336K, used 80526K [0x00000006c0000000, 0x00000006c8b00000, 0x000000076ab00000)
  object space 142336K, 56% used [0x00000006c0000000,0x00000006c4ea38a8,0x00000006c8b00000)
 Metaspace       used 23519K, capacity 23830K, committed 24064K, reserved 1071104K
  class space    used 3153K, capacity 3250K, committed 3328K, reserved 1048576K
Event: 8667.435 GC heap after
Heap after GC invocations=3347 (full 73):
 PSYoungGen      total 74752K, used 6710K [0x000000076ab00000, 0x000000076ff80000, 0x00000007c0000000)
  eden space 65536K, 0% used [0x000000076ab00000,0x000000076ab00000,0x000000076eb00000)
  from space 9216K, 72% used [0x000000076f500000,0x000000076fb8da40,0x000000076fe00000)
  to   space 10240K, 0% used [0x000000076eb00000,0x000000076eb00000,0x000000076f500000)
 ParOldGen       total 142336K, used 83793K [0x00000006c0000000, 0x00000006c8b00000, 0x000000076ab00000)
  object space 142336K, 58% used [0x00000006c0000000,0x00000006c51d47b8,0x00000006c8b00000)
 Metaspace       used 23519K, capacity 23830K, committed 24064K, reserved 1071104K
  class space    used 3153K, capacity 3250K, committed 3328K, reserved 1048576K
}
Event: 8667.911 GC heap before
{Heap before GC invocations=3348 (full 73):
 PSYoungGen      total 74752K, used 61327K [0x000000076ab00000, 0x000000076ff80000, 0x00000007c0000000)
  eden space 65536K, 83% used [0x000000076ab00000,0x000000076e056430,0x000000076eb00000)
  from space 9216K, 72% used [0x000000076f500000,0x000000076fb8da40,0x000000076fe00000)
  to   space 10240K, 0% used [0x000000076eb00000,0x000000076eb00000,0x000000076f500000)
 ParOldGen       total 142336K, used 83793K [0x00000006c0000000, 0x00000006c8b00000, 0x000000076ab00000)
  object space 142336K, 58% used [0x00000006c0000000,0x00000006c51d47b8,0x00000006c8b00000)
 Metaspace       used 23519K, capacity 23830K, committed 24064K, reserved 1071104K
  class space    used 3153K, capacity 3250K, committed 3328K, reserved 1048576K
Event: 8667.916 GC heap after
Heap after GC invocations=3348 (full 73):
 PSYoungGen      total 75776K, used 8894K [0x000000076ab00000, 0x0000000770c80000, 0x00000007c0000000)
  eden space 65536K, 0% used [0x000000076ab00000,0x000000076ab00000,0x000000076eb00000)
  from space 10240K, 86% used [0x000000076eb00000,0x000000076f3af968,0x000000076f500000)
  to   space 11264K, 0% used [0x0000000770180000,0x0000000770180000,0x0000000770c80000)
 ParOldGen       total 142336K, used 83825K [0x00000006c0000000, 0x00000006c8b00000, 0x000000076ab00000)
  object space 142336K, 58% used [0x00000006c0000000,0x00000006c51dc7b8,0x00000006c8b00000)
 Metaspace       used 23519K, capacity 23830K, committed 24064K, reserved 1071104K
  class space    used 3153K, capacity 3250K, committed 3328K, reserved 1048576K
}

Deoptimization events (10 events):
Event: 6663.322 Thread 0x00007fb722ca5000 Uncommon trap: reason=unstable_if action=reinterpret pc=0x000000010f683a60 method=javax.swing.text.Utilities.getTabbedTextOffset(Ljavax/swing/text/View;Ljavax/swing/text/Segment;Ljava/awt/FontMetrics;IILjavax/swing/text/TabExpander;IZ[I)I @ 292
Event: 6665.275 Thread 0x00007fb722ca5000 Uncommon trap: reason=null_check action=make_not_entrant pc=0x000000010fcc765c method=com.apple.laf.AquaPainter$AquaNineSlicingImagePainter.paint(Ljava/awt/Graphics2D;Lapple/laf/JRSUIState;)V @ 29
Event: 6760.425 Thread 0x00007fb722ca5000 Uncommon trap: reason=null_check action=make_not_entrant pc=0x000000011011af28 method=com.apple.laf.AquaButtonLabeledUI$LabeledButtonBorder.isIndeterminate(Ljavax/swing/AbstractButton;)Z @ 8
Event: 6783.640 Thread 0x00007fb722ca5000 Uncommon trap: reason=unstable_if action=reinterpret pc=0x000000010f385fa0 method=sun.java2d.SunGraphics2D.intersectRectShape(Ljava/awt/geom/Rectangle2D;Ljava/awt/Shape;ZZ)Ljava/awt/Shape; @ 129
Event: 6783.640 Thread 0x00007fb722ca5000 Uncommon trap: reason=unstable_if action=reinterpret pc=0x000000010f97fe7c method=sun.java2d.pipe.Region.getIntersectionXYXY(IIII)Lsun/java2d/pipe/Region; @ 23
Event: 6783.640 Thread 0x00007fb722ca5000 Uncommon trap: reason=unstable_if action=reinterpret pc=0x000000010fe957cc method=sun.java2d.SunGraphics2D.fixRectangleOrientation([DLjava/awt/geom/Rectangle2D;)V @ 6
Event: 6853.423 Thread 0x00007fb722ca5000 Uncommon trap: reason=unstable_if action=reinterpret pc=0x00000001100bdda0 method=javax.swing.JViewport.setViewPosition(Ljava/awt/Point;)V @ 150
Event: 6854.947 Thread 0x00007fb722ca5000 Uncommon trap: reason=unstable_if action=reinterpret pc=0x000000010f463c1c method=sun.java2d.SunGraphics2D.fixRectangleOrientation([DLjava/awt/geom/Rectangle2D;)V @ 6
Event: 6855.459 Thread 0x00007fb722ca5000 Uncommon trap: reason=unstable_if action=reinterpret pc=0x000000010f87f4e8 method=sun.java2d.SunGraphics2D.fixRectangleOrientation([DLjava/awt/geom/Rectangle2D;)V @ 6
Event: 8009.226 Thread 0x00007fb722ca5000 Uncommon trap: reason=unstable_if action=reinterpret pc=0x000000010f980a14 method=mars.venus.editors.jeditsyntax.SyntaxUtilities.paintSyntaxLine(Ljavax/swing/text/Segment;Lmars/venus/editors/jeditsyntax/tokenmarker/Token;[Lmars/venus/editors/jeditsyntax/S

Internal exceptions (10 events):
Event: 1461.508 Thread 0x00007fb724c3f800 Exception <a 'java/io/FileNotFoundException'> (0x000000076ce264d8) thrown at [/Users/java_re/workspace/8-2-build-macosx-x86_64/jdk8u91/6644/hotspot/src/share/vm/prims/jni.cpp, line 709]
Event: 1652.221 Thread 0x00007fb72c821800 Exception <a 'java/io/FileNotFoundException'> (0x000000076ce5d8f8) thrown at [/Users/java_re/workspace/8-2-build-macosx-x86_64/jdk8u91/6644/hotspot/src/share/vm/prims/jni.cpp, line 709]
Event: 2819.749 Thread 0x00007fb722ca5000 Implicit null exception at 0x000000010f077730 to 0x000000010f0784c9
Event: 2819.751 Thread 0x00007fb722ca5000 Implicit null exception at 0x000000010f311835 to 0x000000010f311df9
Event: 2834.153 Thread 0x00007fb722ca5000 Implicit null exception at 0x000000010fc55f9c to 0x000000010fc5a2f5
Event: 3443.372 Thread 0x00007fb722ca5000 Implicit null exception at 0x000000010f88e5c1 to 0x000000010f88f7b9
Event: 5728.192 Thread 0x00007fb722ca5000 Implicit null exception at 0x000000010feafbcf to 0x000000010feb0859
Event: 6665.275 Thread 0x00007fb722ca5000 Implicit null exception at 0x000000010fcc6e90 to 0x000000010fcc7645
Event: 6760.425 Thread 0x00007fb722ca5000 Implicit null exception at 0x000000011011aac8 to 0x000000011011aefd
Event: 8011.991 Thread 0x00007fb7248c0800 Exception <a 'java/io/FileNotFoundException'> (0x000000076cf57390) thrown at [/Users/java_re/workspace/8-2-build-macosx-x86_64/jdk8u91/6644/hotspot/src/share/vm/prims/jni.cpp, line 709]

Events (10 events):
Event: 8665.683 Executing VM operation: RevokeBias done
Event: 8665.715 Executing VM operation: ParallelGCFailedAllocation
Event: 8665.725 Executing VM operation: ParallelGCFailedAllocation done
Event: 8667.430 Executing VM operation: ParallelGCFailedAllocation
Event: 8667.435 Executing VM operation: ParallelGCFailedAllocation done
Event: 8667.911 Executing VM operation: ParallelGCFailedAllocation
Event: 8667.916 Executing VM operation: ParallelGCFailedAllocation done
Event: 8670.494 Executing VM operation: RevokeBias
Event: 8670.495 Executing VM operation: RevokeBias done
Event: 8670.495 Thread 0x00007fb724be5800 Thread exited: 0x00007fb724be5800


Dynamic libraries:
0x00000000043a9000 	/System/Library/Frameworks/Cocoa.framework/Versions/A/Cocoa
0x00000000043a9000 	/System/Library/Frameworks/Security.framework/Versions/A/Security
0x00000000043a9000 	/System/Library/Frameworks/ApplicationServices.framework/Versions/A/ApplicationServices
0x00000000043a9000 	/usr/lib/libz.1.dylib
0x00000000043a9000 	/usr/lib/libSystem.B.dylib
0x00000000043a9000 	/usr/lib/libobjc.A.dylib
0x00000000043a9000 	/System/Library/Frameworks/CoreFoundation.framework/Versions/A/CoreFoundation
0x00000000043a9000 	/System/Library/Frameworks/Foundation.framework/Versions/C/Foundation
0x00000000043a9000 	/System/Library/Frameworks/AppKit.framework/Versions/C/AppKit
0x00000000043a9000 	/System/Library/Frameworks/CoreData.framework/Versions/A/CoreData
0x00000000043a9000 	/System/Library/PrivateFrameworks/RemoteViewServices.framework/Versions/A/RemoteViewServices
0x00000000043a9000 	/System/Library/PrivateFrameworks/UIFoundation.framework/Versions/A/UIFoundation
0x00000000043a9000 	/System/Library/Frameworks/IOSurface.framework/Versions/A/IOSurface
0x00000000043a9000 	/System/Library/Frameworks/AudioToolbox.framework/Versions/A/AudioToolbox
0x00000000043a9000 	/System/Library/Frameworks/AudioUnit.framework/Versions/A/AudioUnit
0x00000000043a9000 	/System/Library/PrivateFrameworks/DataDetectorsCore.framework/Versions/A/DataDetectorsCore
0x00000000043a9000 	/System/Library/PrivateFrameworks/DesktopServicesPriv.framework/Versions/A/DesktopServicesPriv
0x00000000043a9000 	/System/Library/Frameworks/Carbon.framework/Versions/A/Frameworks/HIToolbox.framework/Versions/A/HIToolbox
0x00000000043a9000 	/System/Library/Frameworks/QuartzCore.framework/Versions/A/QuartzCore
0x00000000043a9000 	/System/Library/Frameworks/Carbon.framework/Versions/A/Frameworks/SpeechRecognition.framework/Versions/A/SpeechRecognition
0x00000000043a9000 	/usr/lib/libauto.dylib
0x00000000043a9000 	/usr/lib/libicucore.A.dylib
0x00000000043a9000 	/usr/lib/libxml2.2.dylib
0x00000000043a9000 	/System/Library/PrivateFrameworks/CoreUI.framework/Versions/A/CoreUI
0x00000000043a9000 	/System/Library/Frameworks/CoreAudio.framework/Versions/A/CoreAudio
0x00000000043a9000 	/System/Library/Frameworks/DiskArbitration.framework/Versions/A/DiskArbitration
0x00000000043a9000 	/usr/lib/liblangid.dylib
0x00000000043a9000 	/System/Library/PrivateFrameworks/MultitouchSupport.framework/Versions/A/MultitouchSupport
0x00000000043a9000 	/System/Library/Frameworks/IOKit.framework/Versions/A/IOKit
0x00000000043a9000 	/usr/lib/libDiagnosticMessagesClient.dylib
0x00000000043a9000 	/System/Library/Frameworks/CoreServices.framework/Versions/A/CoreServices
0x00000000043a9000 	/System/Library/PrivateFrameworks/PerformanceAnalysis.framework/Versions/A/PerformanceAnalysis
0x00000000043a9000 	/System/Library/PrivateFrameworks/GenerationalStorage.framework/Versions/A/GenerationalStorage
0x00000000043a9000 	/System/Library/Frameworks/OpenGL.framework/Versions/A/OpenGL
0x00000000043a9000 	/System/Library/PrivateFrameworks/Sharing.framework/Versions/A/Sharing
0x00000000043a9000 	/System/Library/Frameworks/CoreGraphics.framework/Versions/A/CoreGraphics
0x00000000043a9000 	/System/Library/Frameworks/CoreText.framework/Versions/A/CoreText
0x00000000043a9000 	/System/Library/Frameworks/ImageIO.framework/Versions/A/ImageIO
0x00000000043a9000 	/usr/lib/libextension.dylib
0x00000000043a9000 	/System/Library/PrivateFrameworks/Backup.framework/Versions/A/Backup
0x00000000043a9000 	/usr/lib/libarchive.2.dylib
0x00000000043a9000 	/System/Library/Frameworks/CFNetwork.framework/Versions/A/CFNetwork
0x00000000043a9000 	/System/Library/Frameworks/SystemConfiguration.framework/Versions/A/SystemConfiguration
0x00000000043a9000 	/usr/lib/libCRFSuite.dylib
0x00000000043a9000 	/usr/lib/libc++.1.dylib
0x00000000043a9000 	/usr/lib/libc++abi.dylib
0x00000000043a9000 	/usr/lib/system/libcache.dylib
0x00000000043a9000 	/usr/lib/system/libcommonCrypto.dylib
0x00000000043a9000 	/usr/lib/system/libcompiler_rt.dylib
0x00000000043a9000 	/usr/lib/system/libcopyfile.dylib
0x00000000043a9000 	/usr/lib/system/libcorecrypto.dylib
0x00000000043a9000 	/usr/lib/system/libdispatch.dylib
0x00000000043a9000 	/usr/lib/system/libdyld.dylib
0x00000000043a9000 	/usr/lib/system/libkeymgr.dylib
0x00000000043a9000 	/usr/lib/system/liblaunch.dylib
0x00000000043a9000 	/usr/lib/system/libmacho.dylib
0x00000000043a9000 	/usr/lib/system/libquarantine.dylib
0x00000000043a9000 	/usr/lib/system/libremovefile.dylib
0x00000000043a9000 	/usr/lib/system/libsystem_asl.dylib
0x00000000043a9000 	/usr/lib/system/libsystem_blocks.dylib
0x00000000043a9000 	/usr/lib/system/libsystem_c.dylib
0x00000000043a9000 	/usr/lib/system/libsystem_configuration.dylib
0x00000000043a9000 	/usr/lib/system/libsystem_coreservices.dylib
0x00000000043a9000 	/usr/lib/system/libsystem_coretls.dylib
0x00000000043a9000 	/usr/lib/system/libsystem_dnssd.dylib
0x00000000043a9000 	/usr/lib/system/libsystem_info.dylib
0x00000000043a9000 	/usr/lib/system/libsystem_kernel.dylib
0x00000000043a9000 	/usr/lib/system/libsystem_m.dylib
0x00000000043a9000 	/usr/lib/system/libsystem_malloc.dylib
0x00000000043a9000 	/usr/lib/system/libsystem_network.dylib
0x00000000043a9000 	/usr/lib/system/libsystem_networkextension.dylib
0x00000000043a9000 	/usr/lib/system/libsystem_notify.dylib
0x00000000043a9000 	/usr/lib/system/libsystem_platform.dylib
0x00000000043a9000 	/usr/lib/system/libsystem_pthread.dylib
0x00000000043a9000 	/usr/lib/system/libsystem_sandbox.dylib
0x00000000043a9000 	/usr/lib/system/libsystem_secinit.dylib
0x00000000043a9000 	/usr/lib/system/libsystem_stats.dylib
0x00000000043a9000 	/usr/lib/system/libsystem_trace.dylib
0x00000000043a9000 	/usr/lib/system/libunc.dylib
0x00000000043a9000 	/usr/lib/system/libunwind.dylib
0x00000000043a9000 	/usr/lib/system/libxpc.dylib
0x00000000043a9000 	/usr/lib/libbz2.1.0.dylib
0x00000000043a9000 	/usr/lib/liblzma.5.dylib
0x00000000043a9000 	/usr/lib/libbsm.0.dylib
0x00000000043a9000 	/usr/lib/libsqlite3.dylib
0x00000000043a9000 	/usr/lib/system/libkxld.dylib
0x00000000043a9000 	/usr/lib/libxar.1.dylib
0x00000000043a9000 	/usr/lib/libpam.2.dylib
0x00000000043a9000 	/usr/lib/libOpenScriptingUtil.dylib
0x00000000043a9000 	/System/Library/Frameworks/CoreServices.framework/Versions/A/Frameworks/FSEvents.framework/Versions/A/FSEvents
0x00000000043a9000 	/System/Library/Frameworks/CoreServices.framework/Versions/A/Frameworks/CarbonCore.framework/Versions/A/CarbonCore
0x00000000043a9000 	/System/Library/Frameworks/CoreServices.framework/Versions/A/Frameworks/Metadata.framework/Versions/A/Metadata
0x00000000043a9000 	/System/Library/Frameworks/CoreServices.framework/Versions/A/Frameworks/OSServices.framework/Versions/A/OSServices
0x00000000043a9000 	/System/Library/Frameworks/CoreServices.framework/Versions/A/Frameworks/SearchKit.framework/Versions/A/SearchKit
0x00000000043a9000 	/System/Library/Frameworks/CoreServices.framework/Versions/A/Frameworks/AE.framework/Versions/A/AE
0x00000000043a9000 	/System/Library/Frameworks/CoreServices.framework/Versions/A/Frameworks/LaunchServices.framework/Versions/A/LaunchServices
0x00000000043a9000 	/System/Library/Frameworks/CoreServices.framework/Versions/A/Frameworks/DictionaryServices.framework/Versions/A/DictionaryServices
0x00000000043a9000 	/System/Library/Frameworks/NetFS.framework/Versions/A/NetFS
0x00000000043a9000 	/System/Library/PrivateFrameworks/NetAuth.framework/Versions/A/NetAuth
0x00000000043a9000 	/System/Library/PrivateFrameworks/login.framework/Versions/A/Frameworks/loginsupport.framework/Versions/A/loginsupport
0x00000000043a9000 	/System/Library/PrivateFrameworks/TCC.framework/Versions/A/TCC
0x00000000043a9000 	/usr/lib/libmecabra.dylib
0x00000000043a9000 	/System/Library/Frameworks/ApplicationServices.framework/Versions/A/Frameworks/ATS.framework/Versions/A/ATS
0x00000000043a9000 	/System/Library/Frameworks/ApplicationServices.framework/Versions/A/Frameworks/ColorSync.framework/Versions/A/ColorSync
0x00000000043a9000 	/System/Library/Frameworks/ApplicationServices.framework/Versions/A/Frameworks/HIServices.framework/Versions/A/HIServices
0x00000000043a9000 	/System/Library/Frameworks/ApplicationServices.framework/Versions/A/Frameworks/LangAnalysis.framework/Versions/A/LangAnalysis
0x00000000043a9000 	/System/Library/Frameworks/ApplicationServices.framework/Versions/A/Frameworks/PrintCore.framework/Versions/A/PrintCore
0x00000000043a9000 	/System/Library/Frameworks/ApplicationServices.framework/Versions/A/Frameworks/QD.framework/Versions/A/QD
0x00000000043a9000 	/System/Library/Frameworks/ApplicationServices.framework/Versions/A/Frameworks/SpeechSynthesis.framework/Versions/A/SpeechSynthesis
0x00000000043a9000 	/System/Library/Frameworks/Accelerate.framework/Versions/A/Accelerate
0x00000000043a9000 	/System/Library/Frameworks/Accelerate.framework/Versions/A/Frameworks/vImage.framework/Versions/A/vImage
0x00000000043a9000 	/System/Library/Frameworks/Accelerate.framework/Versions/A/Frameworks/vecLib.framework/Versions/A/vecLib
0x00000000043a9000 	/System/Library/Frameworks/Accelerate.framework/Versions/A/Frameworks/vecLib.framework/Versions/A/libvDSP.dylib
0x00000000043a9000 	/System/Library/Frameworks/Accelerate.framework/Versions/A/Frameworks/vecLib.framework/Versions/A/libvMisc.dylib
0x00000000043a9000 	/System/Library/Frameworks/Accelerate.framework/Versions/A/Frameworks/vecLib.framework/Versions/A/libLAPACK.dylib
0x00000000043a9000 	/System/Library/Frameworks/Accelerate.framework/Versions/A/Frameworks/vecLib.framework/Versions/A/libBLAS.dylib
0x00000000043a9000 	/System/Library/Frameworks/Accelerate.framework/Versions/A/Frameworks/vecLib.framework/Versions/A/libLinearAlgebra.dylib
0x00000000043a9000 	/System/Library/Frameworks/ApplicationServices.framework/Versions/A/Frameworks/ATS.framework/Versions/A/Resources/libFontParser.dylib
0x00000000043a9000 	/System/Library/Frameworks/ApplicationServices.framework/Versions/A/Frameworks/ATS.framework/Versions/A/Resources/libFontRegistry.dylib
0x00000000043a9000 	/System/Library/PrivateFrameworks/AppleVPA.framework/Versions/A/AppleVPA
0x00000000043a9000 	/System/Library/PrivateFrameworks/AppleJPEG.framework/Versions/A/AppleJPEG
0x00000000043a9000 	/System/Library/Frameworks/ImageIO.framework/Versions/A/Resources/libJPEG.dylib
0x00000000043a9000 	/System/Library/Frameworks/ImageIO.framework/Versions/A/Resources/libTIFF.dylib
0x00000000043a9000 	/System/Library/Frameworks/ImageIO.framework/Versions/A/Resources/libPng.dylib
0x00000000043a9000 	/System/Library/Frameworks/ImageIO.framework/Versions/A/Resources/libGIF.dylib
0x00000000043a9000 	/System/Library/Frameworks/ImageIO.framework/Versions/A/Resources/libJP2.dylib
0x00000000043a9000 	/System/Library/Frameworks/ImageIO.framework/Versions/A/Resources/libRadiance.dylib
0x00000000043a9000 	/System/Library/Frameworks/CoreVideo.framework/Versions/A/CoreVideo
0x00000000043a9000 	/System/Library/Frameworks/OpenGL.framework/Versions/A/Libraries/libGLU.dylib
0x00000000043a9000 	/System/Library/Frameworks/OpenGL.framework/Versions/A/Libraries/libGFXShared.dylib
0x00000000043a9000 	/System/Library/Frameworks/OpenGL.framework/Versions/A/Libraries/libGL.dylib
0x00000000043a9000 	/System/Library/Frameworks/OpenGL.framework/Versions/A/Libraries/libGLImage.dylib
0x00000000043a9000 	/System/Library/Frameworks/OpenGL.framework/Versions/A/Libraries/libCVMSPluginSupport.dylib
0x00000000043a9000 	/System/Library/Frameworks/OpenGL.framework/Versions/A/Libraries/libCoreVMClient.dylib
0x00000000043a9000 	/usr/lib/libcups.2.dylib
0x00000000043a9000 	/System/Library/Frameworks/Kerberos.framework/Versions/A/Kerberos
0x00000000043a9000 	/System/Library/Frameworks/GSS.framework/Versions/A/GSS
0x00000000043a9000 	/usr/lib/libresolv.9.dylib
0x00000000043a9000 	/usr/lib/libiconv.2.dylib
0x00000000043a9000 	/System/Library/PrivateFrameworks/Heimdal.framework/Versions/A/Heimdal
0x00000000043a9000 	/usr/lib/libheimdal-asn1.dylib
0x00000000043a9000 	/System/Library/Frameworks/OpenDirectory.framework/Versions/A/OpenDirectory
0x00000000043a9000 	/System/Library/PrivateFrameworks/CommonAuth.framework/Versions/A/CommonAuth
0x00000000043a9000 	/System/Library/Frameworks/OpenDirectory.framework/Versions/A/Frameworks/CFOpenDirectory.framework/Versions/A/CFOpenDirectory
0x00000000043a9000 	/System/Library/Frameworks/SecurityFoundation.framework/Versions/A/SecurityFoundation
0x00000000043a9000 	/System/Library/PrivateFrameworks/LanguageModeling.framework/Versions/A/LanguageModeling
0x00000000043a9000 	/usr/lib/libcmph.dylib
0x00000000043a9000 	/System/Library/Frameworks/ServiceManagement.framework/Versions/A/ServiceManagement
0x00000000043a9000 	/usr/lib/libxslt.1.dylib
0x00000000043a9000 	/System/Library/Frameworks/Carbon.framework/Versions/A/Frameworks/Ink.framework/Versions/A/Ink
0x00000000043a9000 	/System/Library/Frameworks/QuartzCore.framework/Versions/A/Frameworks/CoreImage.framework/Versions/A/CoreImage
0x00000000043a9000 	/System/Library/PrivateFrameworks/CrashReporterSupport.framework/Versions/A/CrashReporterSupport
0x00000000043a9000 	/System/Library/Frameworks/OpenCL.framework/Versions/A/OpenCL
0x00000000043a9000 	/System/Library/PrivateFrameworks/FaceCore.framework/Versions/A/FaceCore
0x00000000043a9000 	/System/Library/PrivateFrameworks/Ubiquity.framework/Versions/A/Ubiquity
0x00000000043a9000 	/System/Library/PrivateFrameworks/IconServices.framework/Versions/A/IconServices
0x00000000043a9000 	/System/Library/PrivateFrameworks/ChunkingLibrary.framework/Versions/A/ChunkingLibrary
0x00000000043a9000 	/System/Library/PrivateFrameworks/Apple80211.framework/Versions/A/Apple80211
0x00000000043a9000 	/System/Library/Frameworks/CoreWLAN.framework/Versions/A/CoreWLAN
0x00000000043a9000 	/System/Library/Frameworks/IOBluetooth.framework/Versions/A/IOBluetooth
0x00000000043a9000 	/System/Library/PrivateFrameworks/CoreWiFi.framework/Versions/A/CoreWiFi
0x00000000043a9000 	/System/Library/Frameworks/CoreBluetooth.framework/Versions/A/CoreBluetooth
0x00000000043a9000 	/System/Library/PrivateFrameworks/DebugSymbols.framework/Versions/A/DebugSymbols
0x00000000043a9000 	/System/Library/PrivateFrameworks/CoreSymbolication.framework/Versions/A/CoreSymbolication
0x00000000043a9000 	/System/Library/PrivateFrameworks/Symbolication.framework/Versions/A/Symbolication
0x00000000043a9000 	/System/Library/PrivateFrameworks/SpeechRecognitionCore.framework/Versions/A/SpeechRecognitionCore
0x000000010de00000 	/Library/Internet Plug-Ins/JavaAppletPlugin.plugin/Contents/Home/lib/server/libjvm.dylib
0x00000000043a9000 	/usr/lib/libstdc++.6.dylib
0x000000010cd03000 	/Library/Internet Plug-Ins/JavaAppletPlugin.plugin/Contents/Home/lib/libverify.dylib
0x000000010cd11000 	/Library/Internet Plug-Ins/JavaAppletPlugin.plugin/Contents/Home/lib/libjava.dylib
0x000000010cd50000 	/Library/Internet Plug-Ins/JavaAppletPlugin.plugin/Contents/Home/lib/libzip.dylib
0x000000012a9a4000 	/System/Library/Frameworks/JavaVM.framework/Frameworks/JavaRuntimeSupport.framework/JavaRuntimeSupport
0x000000012a9bf000 	/System/Library/Frameworks/JavaVM.framework/Versions/A/Frameworks/JavaNativeFoundation.framework/Versions/A/JavaNativeFoundation
0x000000012a9d4000 	/System/Library/Frameworks/JavaVM.framework/Versions/A/JavaVM
0x00000000043a9000 	/System/Library/Frameworks/Carbon.framework/Versions/A/Carbon
0x000000012a9e1000 	/System/Library/PrivateFrameworks/JavaLaunching.framework/Versions/A/JavaLaunching
0x00000000043a9000 	/System/Library/Frameworks/Carbon.framework/Versions/A/Frameworks/CommonPanels.framework/Versions/A/CommonPanels
0x00000000043a9000 	/System/Library/Frameworks/Carbon.framework/Versions/A/Frameworks/Help.framework/Versions/A/Help
0x00000000043a9000 	/System/Library/Frameworks/Carbon.framework/Versions/A/Frameworks/ImageCapture.framework/Versions/A/ImageCapture
0x00000000043a9000 	/System/Library/Frameworks/Carbon.framework/Versions/A/Frameworks/OpenScripting.framework/Versions/A/OpenScripting
0x00000000043a9000 	/System/Library/Frameworks/Carbon.framework/Versions/A/Frameworks/Print.framework/Versions/A/Print
0x00000000043a9000 	/System/Library/Frameworks/Carbon.framework/Versions/A/Frameworks/SecurityHI.framework/Versions/A/SecurityHI
0x000000012cf48000 	/Library/Internet Plug-Ins/JavaAppletPlugin.plugin/Contents/Home/lib/libosx.dylib
0x000000012cf56000 	/Library/Internet Plug-Ins/JavaAppletPlugin.plugin/Contents/Home/lib/./libosxapp.dylib
0x00000000043a9000 	/System/Library/Frameworks/ExceptionHandling.framework/Versions/A/ExceptionHandling
0x000000012d077000 	/Library/Internet Plug-Ins/JavaAppletPlugin.plugin/Contents/Home/lib/libawt.dylib
0x000000012d11f000 	/Library/Internet Plug-Ins/JavaAppletPlugin.plugin/Contents/Home/lib/./libmlib_image.dylib
0x000000012d1eb000 	/Library/Internet Plug-Ins/JavaAppletPlugin.plugin/Contents/Home/lib/libawt_lwawt.dylib
0x00000000043a9000 	/System/Library/PrivateFrameworks/CoreServicesInternal.framework/Versions/A/CoreServicesInternal
0x00000000043a9000 	/System/Library/PrivateFrameworks/CloudDocs.framework/Versions/A/CloudDocs
0x00000000043a9000 	/System/Library/PrivateFrameworks/CoreDuet.framework/Versions/A/CoreDuet
0x00000000043a9000 	/System/Library/Frameworks/CloudKit.framework/Versions/A/CloudKit
0x00000000043a9000 	/System/Library/PrivateFrameworks/ProtocolBuffer.framework/Versions/A/ProtocolBuffer
0x00000000043a9000 	/System/Library/PrivateFrameworks/CoreDuetDaemonProtocol.framework/Versions/A/CoreDuetDaemonProtocol
0x00000000043a9000 	/System/Library/PrivateFrameworks/CoreDuetDebugLogging.framework/Versions/A/CoreDuetDebugLogging
0x00000000043a9000 	/System/Library/PrivateFrameworks/MMCS.framework/Versions/A/MMCS
0x00000000043a9000 	/System/Library/Frameworks/CoreLocation.framework/Versions/A/CoreLocation
0x00000000043a9000 	/System/Library/PrivateFrameworks/ProtectedCloudStorage.framework/Versions/A/ProtectedCloudStorage
0x00000000043a9000 	/System/Library/PrivateFrameworks/GeoServices.framework/Versions/A/GeoServices
0x00000000043a9000 	/System/Library/Frameworks/CoreGraphics.framework/Versions/A/Resources/libCGCMS.A.dylib
0x00000000043a9000 	/System/Library/Frameworks/CoreGraphics.framework/Versions/A/Resources/libRIP.A.dylib
0x00000000043a9000 	/System/Library/Frameworks/CoreGraphics.framework/Versions/A/Resources/libCGXType.A.dylib
0x00000000043a9000 	/System/Library/Frameworks/OpenCL.framework/Versions/A/Libraries/libcldcpuengine.dylib
0x00000000043a9000 	/System/Library/PrivateFrameworks/DiskImages.framework/Versions/A/DiskImages
0x00000000043a9000 	/System/Library/Frameworks/DiscRecording.framework/Versions/A/DiscRecording
0x00000000043a9000 	/usr/lib/libcsfde.dylib
0x00000000043a9000 	/usr/lib/libcurl.4.dylib
0x00000000043a9000 	/System/Library/PrivateFrameworks/MediaKit.framework/Versions/A/MediaKit
0x00000000043a9000 	/usr/lib/libCoreStorage.dylib
0x00000000043a9000 	/System/Library/PrivateFrameworks/EFILogin.framework/Versions/A/EFILogin
0x00000000043a9000 	/usr/lib/libutil.dylib
0x00000000043a9000 	/System/Library/PrivateFrameworks/FindMyDevice.framework/Versions/A/FindMyDevice
0x00000000043a9000 	/System/Library/Frameworks/LDAP.framework/Versions/A/LDAP
0x00000000043a9000 	/usr/lib/libsasl2.2.dylib
0x00000000043a9000 	/System/Library/PrivateFrameworks/CoreDaemon.framework/Versions/B/CoreDaemon
0x00000000043a9000 	/usr/lib/libcrypto.0.9.8.dylib
0x00000000043a9000 	/System/Library/PrivateFrameworks/AppleSRP.framework/Versions/A/AppleSRP
0x00000000043a9000 	/System/Library/PrivateFrameworks/TrustEvaluationAgent.framework/Versions/A/TrustEvaluationAgent
0x0000000130600000 	cl_kernels
0x0000000130602000 	/System/Library/Frameworks/OpenCL.framework/Versions/A/Libraries/ImageFormats/unorm8_bgra.dylib
0x00000001305f2000 	cl_kernels
0x00000000043a9000 	/System/Library/PrivateFrameworks/FamilyControls.framework/Versions/A/FamilyControls
0x00000000043a9000 	/System/Library/PrivateFrameworks/CommerceKit.framework/Versions/A/Frameworks/CommerceCore.framework/Versions/A/CommerceCore
0x00000000043a9000 	/System/Library/PrivateFrameworks/SystemAdministration.framework/Versions/A/SystemAdministration
0x00000000043a9000 	/System/Library/PrivateFrameworks/AppContainer.framework/Versions/A/AppContainer
0x00000000043a9000 	/System/Library/PrivateFrameworks/SecCodeWrapper.framework/Versions/A/SecCodeWrapper
0x00000000043a9000 	/System/Library/Frameworks/DirectoryService.framework/Versions/A/DirectoryService
0x00000000043a9000 	/System/Library/PrivateFrameworks/LoginUIKit.framework/Versions/A/Frameworks/LoginUICore.framework/Versions/A/LoginUICore
0x00000000043a9000 	/usr/lib/libodfde.dylib
0x00000000043a9000 	/System/Library/Frameworks/OpenGL.framework/Versions/A/Resources/GLEngine.bundle/GLEngine
0x00000000043a9000 	/System/Library/Frameworks/OpenGL.framework/Versions/A/Libraries/libGLProgrammability.dylib
0x0000000131b00000 	/System/Library/Extensions/AppleIntelHD5000GraphicsGLDriver.bundle/Contents/MacOS/AppleIntelHD5000GraphicsGLDriver
0x00000000043a9000 	/System/Library/PrivateFrameworks/IOAccelerator.framework/Versions/A/IOAccelerator
0x00000000043a9000 	/System/Library/PrivateFrameworks/GPUSupport.framework/Versions/A/Libraries/libGPUSupportMercury.dylib
0x00000000043a9000 	/System/Library/Frameworks/OpenGL.framework/Versions/A/Resources/GLRendererFloat.bundle/GLRendererFloat
0x0000000132b2a000 	/Library/Internet Plug-Ins/JavaAppletPlugin.plugin/Contents/Home/lib/libfontmanager.dylib
0x0000000132b91000 	/Library/Internet Plug-Ins/JavaAppletPlugin.plugin/Contents/Home/lib/libosxui.dylib
0x00000001337a5000 	/Library/Internet Plug-Ins/JavaAppletPlugin.plugin/Contents/Home/lib/libjpeg.dylib
0x0000000133cb3000 	/Library/Internet Plug-Ins/JavaAppletPlugin.plugin/Contents/Home/lib/libnet.dylib
0x0000000133af8000 	/Library/Internet Plug-Ins/JavaAppletPlugin.plugin/Contents/Home/lib/libnio.dylib
0x00000000043a9000 	/System/Library/Frameworks/ApplicationServices.framework/Versions/A/Frameworks/ATS.framework/Versions/A/Resources/libTrueTypeScaler.dylib
0x000000018df2b000 	/Library/Internet Plug-Ins/JavaAppletPlugin.plugin/Contents/Home/lib/libdcpr.dylib
0x00000000043a9000 	/System/Library/Frameworks/Accelerate.framework/Versions/A/Frameworks/vImage.framework/Versions/A/Libraries/libCGInterfaces.dylib
0x00000000043a9000 	/System/Library/CoreServices/RawCamera.bundle/Contents/MacOS/RawCamera

VM Arguments:
java_command: /Users/luiz/Documents/cic/oac/lamar/code/Mars45_Custom5.jar
java_class_path (initial): /Users/luiz/Documents/cic/oac/lamar/code/Mars45_Custom5.jar
Launcher Type: SUN_STANDARD

Environment Variables:
PATH=/usr/bin:/bin:/usr/sbin:/sbin
SHELL=/bin/bash
DISPLAY=/private/tmp/com.apple.launchd.524Bg5Qizq/org.macosforge.xquartz:0

Signal Handlers:
SIGSEGV: [libjvm.dylib+0x5a97a1], sa_mask[0]=11111111011111110111111111111111, sa_flags=SA_ONSTACK|SA_RESTART|SA_SIGINFO
SIGBUS: [libjvm.dylib+0x5a97a1], sa_mask[0]=11111111011111110111111111111111, sa_flags=SA_RESTART|SA_SIGINFO
SIGFPE: [libjvm.dylib+0x482594], sa_mask[0]=11111111011111110111111111111111, sa_flags=SA_RESTART|SA_SIGINFO
SIGPIPE: [libjvm.dylib+0x482594], sa_mask[0]=11111111011111110111111111111111, sa_flags=SA_RESTART|SA_SIGINFO
SIGXFSZ: [libjvm.dylib+0x482594], sa_mask[0]=11111111011111110111111111111111, sa_flags=SA_RESTART|SA_SIGINFO
SIGILL: [libjvm.dylib+0x482594], sa_mask[0]=11111111011111110111111111111111, sa_flags=SA_RESTART|SA_SIGINFO
SIGUSR1: SIG_DFL, sa_mask[0]=00000000000000000000000000000000, sa_flags=none
SIGUSR2: [libjvm.dylib+0x4820b2], sa_mask[0]=00000000000000000000000000000000, sa_flags=SA_RESTART|SA_SIGINFO
SIGHUP: [libjvm.dylib+0x480689], sa_mask[0]=11111111011111110111111111111111, sa_flags=SA_RESTART|SA_SIGINFO
SIGINT: [libjvm.dylib+0x480689], sa_mask[0]=11111111011111110111111111111111, sa_flags=SA_RESTART|SA_SIGINFO
SIGTERM: [libjvm.dylib+0x480689], sa_mask[0]=11111111011111110111111111111111, sa_flags=SA_RESTART|SA_SIGINFO
SIGQUIT: [libjvm.dylib+0x480689], sa_mask[0]=11111111011111110111111111111111, sa_flags=SA_RESTART|SA_SIGINFO


---------------  S Y S T E M  ---------------

OS:Bsduname:Darwin 14.5.0 Darwin Kernel Version 14.5.0: Wed Jul 29 02:26:53 PDT 2015; root:xnu-2782.40.9~1/RELEASE_X86_64 x86_64
rlimit: STACK 8192k, CORE 0k, NPROC 709, NOFILE 10240, AS infinity
load average:2.21 2.37 2.50

CPU:total 8 (4 cores per cpu, 2 threads per core) family 6 model 70 stepping 1, cmov, cx8, fxsr, mmx, sse, sse2, sse3, ssse3, sse4.1, sse4.2, popcnt, avx, avx2, aes, clmul, erms, lzcnt, ht, tsc, tscinvbit, bmi1, bmi2

Memory: 4k page, physical 16777216k(75872k free)

/proc/meminfo:


vm_info: Java HotSpot(TM) 64-Bit Server VM (25.91-b14) for bsd-amd64 JRE (1.8.0_91-b14), built on Apr  1 2016 01:03:00 by "java_re" with gcc 4.2.1 (Based on Apple Inc. build 5658) (LLVM build 2336.11.00)

time: Wed Nov 23 13:02:36 2016
elapsed time: 8773 seconds (0d 2h 26m 13s)

